Log file open, 11/12/20 18:22:28
LogWindows: Failed to load 'aqProf.dll' (GetLastError=126)
LogWindows: File 'aqProf.dll' does not exist
LogWindows: Failed to load 'VtuneApi.dll' (GetLastError=126)
LogWindows: File 'VtuneApi.dll' does not exist
LogWindows: Failed to load 'VtuneApi32e.dll' (GetLastError=126)
LogWindows: File 'VtuneApi32e.dll' does not exist
LogConsoleResponse: Display: Failed to find resolution value strings in scalability ini. Falling back to default.
LogInit: Display: Running engine for game: BullCowGame
LogPlatformFile: Not using cached read wrapper
LogTaskGraph: Started task graph with 5 named threads and 47 total threads with 3 sets of task threads.
LogStats: Stats thread started at 0.071945
LogD3D11RHI: Loaded GFSDK_Aftermath_Lib.x64.dll
LogICUInternationalization: ICU TimeZone Detection - Raw Offset: +2:00, Platform Override: ''
LogPluginManager: Mounting plugin Paper2D
LogPluginManager: Mounting plugin AISupport
LogPluginManager: Mounting plugin LightPropagationVolume
LogPluginManager: Mounting plugin ActorLayerUtilities
LogPluginManager: Mounting plugin AnimationSharing
LogPluginManager: Mounting plugin CLionSourceCodeAccess
LogPluginManager: Mounting plugin CodeLiteSourceCodeAccess
LogPluginManager: Mounting plugin GitSourceControl
LogPluginManager: Mounting plugin KDevelopSourceCodeAccess
LogPluginManager: Mounting plugin NullSourceCodeAccess
LogPluginManager: Mounting plugin PerforceSourceControl
LogPluginManager: Mounting plugin PlasticSourceControl
LogPluginManager: Mounting plugin SubversionSourceControl
LogPluginManager: Mounting plugin UObjectPlugin
LogPluginManager: Mounting plugin VisualStudioCodeSourceCodeAccess
LogPluginManager: Mounting plugin VisualStudioSourceCodeAccess
LogPluginManager: Mounting plugin XCodeSourceCodeAccess
LogPluginManager: Mounting plugin AssetManagerEditor
LogPluginManager: Mounting plugin CryptoKeys
LogPluginManager: Mounting plugin CurveEditorTools
LogPluginManager: Mounting plugin DataValidation
LogPluginManager: Mounting plugin FacialAnimation
LogPluginManager: Mounting plugin GameplayTagsEditor
LogPluginManager: Mounting plugin MacGraphicsSwitching
LogPluginManager: Mounting plugin MaterialAnalyzer
LogPluginManager: Mounting plugin MobileLauncherProfileWizard
LogPluginManager: Mounting plugin PluginBrowser
LogPluginManager: Mounting plugin SpeedTreeImporter
LogPluginManager: Mounting plugin DatasmithContent
LogPluginManager: Mounting plugin VariantManagerContent
LogPluginManager: Mounting plugin AlembicImporter
LogPluginManager: Mounting plugin AutomationUtils
LogPluginManager: Mounting plugin BackChannel
LogPluginManager: Mounting plugin CharacterAI
LogPluginManager: Mounting plugin GeometryCache
LogPluginManager: Mounting plugin PlatformCrypto
LogPluginManager: Mounting plugin ProxyLODPlugin
LogPluginManager: Mounting plugin SkeletalReduction
LogPluginManager: Mounting plugin MagicLeap
LogPluginManager: Mounting plugin MagicLeapMedia
LogPluginManager: Mounting plugin MLSDK
LogPluginManager: Mounting plugin AndroidMedia
LogPluginManager: Mounting plugin AvfMedia
LogPluginManager: Mounting plugin ImgMedia
LogPluginManager: Mounting plugin MediaCompositing
LogPluginManager: Mounting plugin MediaPlayerEditor
LogPluginManager: Mounting plugin WebMMedia
LogPluginManager: Mounting plugin WmfMedia
LogPluginManager: Mounting plugin TcpMessaging
LogPluginManager: Mounting plugin UdpMessaging
LogPluginManager: Mounting plugin ActorSequence
LogPluginManager: Mounting plugin LevelSequenceEditor
LogPluginManager: Mounting plugin MatineeToLevelSequence
LogPluginManager: Mounting plugin NetcodeUnitTest
LogPluginManager: Mounting plugin NUTUnrealEngine4
LogPluginManager: Mounting plugin OnlineSubsystemGooglePlay
LogPluginManager: Mounting plugin OnlineSubsystemIOS
LogPluginManager: Mounting plugin OnlineSubsystem
LogPluginManager: Mounting plugin OnlineSubsystemNull
LogPluginManager: Mounting plugin OnlineSubsystemUtils
LogPluginManager: Mounting plugin LauncherChunkInstaller
LogPluginManager: Mounting plugin AndroidDeviceProfileSelector
LogPluginManager: Mounting plugin AndroidMoviePlayer
LogPluginManager: Mounting plugin AndroidPermission
LogPluginManager: Mounting plugin AppleImageUtils
LogPluginManager: Mounting plugin AppleMoviePlayer
LogPluginManager: Mounting plugin ArchVisCharacter
LogPluginManager: Mounting plugin AssetTags
LogPluginManager: Mounting plugin AudioCapture
LogPluginManager: Mounting plugin CableComponent
LogPluginManager: Mounting plugin CustomMeshComponent
LogPluginManager: Mounting plugin EditableMesh
LogPluginManager: Mounting plugin ExampleDeviceProfileSelector
LogPluginManager: Mounting plugin GoogleCloudMessaging
LogPluginManager: Mounting plugin IOSDeviceProfileSelector
LogPluginManager: Mounting plugin LinuxDeviceProfileSelector
LogPluginManager: Mounting plugin LocationServicesBPLibrary
LogPluginManager: Mounting plugin MobilePatchingUtils
LogPluginManager: Mounting plugin OculusVR
LogPluginManager: Mounting plugin PhysXVehicles
LogPluginManager: Mounting plugin PostSplashScreen
LogPluginManager: Mounting plugin ProceduralMeshComponent
LogPluginManager: Mounting plugin RuntimePhysXCooking
LogPluginManager: Mounting plugin SignificanceManager
LogPluginManager: Mounting plugin SteamVR
LogPluginManager: Mounting plugin WebMMoviePlayer
LogPluginManager: Mounting plugin WindowsMoviePlayer
LogPluginManager: Mounting plugin ScreenshotTools
LogInit: Using libcurl 7.55.1-DEV
LogInit:  - built for x86_64-pc-win32
LogInit:  - supports SSL with OpenSSL/1.1.1
LogInit:  - supports HTTP deflate (compression) using libz 1.2.8
LogInit:  - other features:
LogInit:      CURL_VERSION_SSL
LogInit:      CURL_VERSION_LIBZ
LogInit:      CURL_VERSION_IPV6
LogInit:      CURL_VERSION_ASYNCHDNS
LogInit:      CURL_VERSION_LARGEFILE
LogInit:      CURL_VERSION_IDN
LogInit:  CurlRequestOptions (configurable via config and command line):
LogInit:  - bVerifyPeer = true  - Libcurl will verify peer certificate
LogInit:  - bUseHttpProxy = false  - Libcurl will NOT use HTTP proxy
LogInit:  - bDontReuseConnections = false  - Libcurl will reuse connections
LogInit:  - MaxHostConnections = 16  - Libcurl will limit the number of connections to a host
LogInit:  - LocalHostAddr = Default
LogInit:  - BufferSize = 65536
LogOnline: OSS: Creating online subsystem instance for: NULL
LogInit: WinSock: version 1.1 (2.2), MaxSocks=32767, MaxUdp=65467
LogOnline: OSS: TryLoadSubsystemAndSetDefault: Loaded subsystem for module [NULL]
LogInit: Build: ++UE4+Release-4.24-CL-11590370
LogInit: Engine Version: 4.24.3-11590370+++UE4+Release-4.24
LogInit: Compatible Engine Version: 4.24.0-10570792+++UE4+Release-4.24
LogInit: Net CL: 10570792
LogInit: OS: Windows 10 (Release 1909) (), CPU: AMD Ryzen 7 2700X Eight-Core Processor         , GPU: Radeon RX 580 Series
LogInit: Compiled (64-bit): Feb 24 2020 15:39:18
LogInit: Compiled with Visual C++: 19.16.27032.01
LogInit: Build Configuration: Development
LogInit: Branch Name: ++UE4+Release-4.24
LogInit: Command Line: 
LogInit: Base Directory: C:/Program Files/Epic Games/UE_4.24/Engine/Binaries/Win64/
LogInit: Installed Engine Build: 1
LogDevObjectVersion: Number of dev versions registered: 25
LogDevObjectVersion:   Dev-Blueprints (B0D832E4-1F89-4F0D-ACCF-7EB736FD4AA2): 10
LogDevObjectVersion:   Dev-Build (E1C64328-A22C-4D53-A36C-8E866417BD8C): 0
LogDevObjectVersion:   Dev-Core (375EC13C-06E4-48FB-B500-84F0262A717E): 3
LogDevObjectVersion:   Dev-Editor (E4B068ED-F494-42E9-A231-DA0B2E46BB41): 37
LogDevObjectVersion:   Dev-Framework (CFFC743F-43B0-4480-9391-14DF171D2073): 36
LogDevObjectVersion:   Dev-Mobile (B02B49B5-BB20-44E9-A304-32B752E40360): 2
LogDevObjectVersion:   Dev-Networking (A4E4105C-59A1-49B5-A7C5-40C4547EDFEE): 0
LogDevObjectVersion:   Dev-Online (39C831C9-5AE6-47DC-9A44-9C173E1C8E7C): 0
LogDevObjectVersion:   Dev-Physics (78F01B33-EBEA-4F98-B9B4-84EACCB95AA2): 2
LogDevObjectVersion:   Dev-Platform (6631380F-2D4D-43E0-8009-CF276956A95A): 0
LogDevObjectVersion:   Dev-Rendering (12F88B9F-8875-4AFC-A67C-D90C383ABD29): 36
LogDevObjectVersion:   Dev-Sequencer (7B5AE74C-D270-4C10-A958-57980B212A5A): 11
LogDevObjectVersion:   Dev-VR (D7296918-1DD6-4BDD-9DE2-64A83CC13884): 2
LogDevObjectVersion:   Dev-LoadTimes (C2A15278-BFE7-4AFE-6C17-90FF531DF755): 1
LogDevObjectVersion:   Private-Geometry (6EACA3D4-40EC-4CC1-B786-8BED09428FC5): 3
LogDevObjectVersion:   Dev-AnimPhys (29E575DD-E0A3-4627-9D10-D276232CDCEA): 17
LogDevObjectVersion:   Dev-Anim (AF43A65D-7FD3-4947-9873-3E8ED9C1BB05): 2
LogDevObjectVersion:   Dev-ReflectionCapture (6B266CEC-1EC7-4B8F-A30B-E4D90942FC07): 1
LogDevObjectVersion:   Dev-Automation (0DF73D61-A23F-47EA-B727-89E90C41499A): 1
LogDevObjectVersion:   FortniteMain (601D1886-AC64-4F84-AA16-D3DE0DEAC7D6): 31
LogDevObjectVersion:   Dev-Enterprise (9DFFBCD6-494F-0158-E221-12823C92A888): 8
LogDevObjectVersion:   Dev-Niagara (F2AED0AC-9AFE-416F-8664-AA7FFA26D6FC): 1
LogDevObjectVersion:   Dev-Destruction (174F1F0B-B4C6-45A5-B13F-2EE8D0FB917D): 9
LogDevObjectVersion:   Dev-Physics-Ext (35F94A83-E258-406C-A318-09F59610247C): 8
LogDevObjectVersion:   Dev-CineCamera (B2E18506-4273-CFC2-A54E-F4BB758BBA07): 1
LogInit: Presizing for max 25165824 objects, including 0 objects not considered by GC, pre-allocating 0 bytes for permanent pool.
LogInit: Object subsystem initialized
LogConfig: Setting CVar [[con.DebugEarlyDefault:1]]
LogConfig: Setting CVar [[r.setres:1280x720]]
[2020.11.12-16.22.28:554][  0]LogConfig: Setting CVar [[r.VSync:0]]
[2020.11.12-16.22.28:554][  0]LogConfig: Setting CVar [[r.RHICmdBypass:0]]
[2020.11.12-16.22.28:554][  0]LogConfig: Applying CVar settings from Section [/Script/Engine.RendererSettings] File [D:/Learning/UnrealEngine/projects/BullCowGame-starter-kit/Saved/Config/Windows/Engine.ini]
[2020.11.12-16.22.28:554][  0]LogConfig: Setting CVar [[r.GPUCrashDebugging:0]]
[2020.11.12-16.22.28:554][  0]LogConfig: Setting CVar [[r.DefaultFeature.AutoExposure.ExtendDefaultLuminanceRange:1]]
[2020.11.12-16.22.28:554][  0]LogConfig: Applying CVar settings from Section [/Script/Engine.RendererOverrideSettings] File [D:/Learning/UnrealEngine/projects/BullCowGame-starter-kit/Saved/Config/Windows/Engine.ini]
[2020.11.12-16.22.28:554][  0]LogConfig: Applying CVar settings from Section [/Script/Engine.StreamingSettings] File [D:/Learning/UnrealEngine/projects/BullCowGame-starter-kit/Saved/Config/Windows/Engine.ini]
[2020.11.12-16.22.28:554][  0]LogConfig: Setting CVar [[s.MinBulkDataSizeForAsyncLoading:131072]]
[2020.11.12-16.22.28:554][  0]LogConfig: Setting CVar [[s.AsyncLoadingThreadEnabled:0]]
[2020.11.12-16.22.28:554][  0]LogConfig: Setting CVar [[s.EventDrivenLoaderEnabled:1]]
[2020.11.12-16.22.28:554][  0]LogConfig: Setting CVar [[s.WarnIfTimeLimitExceeded:0]]
[2020.11.12-16.22.28:554][  0]LogConfig: Setting CVar [[s.TimeLimitExceededMultiplier:1.5]]
[2020.11.12-16.22.28:554][  0]LogConfig: Setting CVar [[s.TimeLimitExceededMinTime:0.005]]
[2020.11.12-16.22.28:554][  0]LogConfig: Setting CVar [[s.UseBackgroundLevelStreaming:1]]
[2020.11.12-16.22.28:554][  0]LogConfig: Setting CVar [[s.PriorityAsyncLoadingExtraTime:15.0]]
[2020.11.12-16.22.28:554][  0]LogConfig: Setting CVar [[s.LevelStreamingActorsUpdateTimeLimit:5.0]]
[2020.11.12-16.22.28:554][  0]LogConfig: Setting CVar [[s.PriorityLevelStreamingActorsUpdateExtraTime:5.0]]
[2020.11.12-16.22.28:554][  0]LogConfig: Setting CVar [[s.LevelStreamingComponentsRegistrationGranularity:10]]
[2020.11.12-16.22.28:554][  0]LogConfig: Setting CVar [[s.UnregisterComponentsTimeLimit:1.0]]
[2020.11.12-16.22.28:554][  0]LogConfig: Setting CVar [[s.LevelStreamingComponentsUnregistrationGranularity:5]]
[2020.11.12-16.22.28:554][  0]LogConfig: Setting CVar [[s.FlushStreamingOnExit:1]]
[2020.11.12-16.22.28:554][  0]LogConfig: Applying CVar settings from Section [/Script/Engine.GarbageCollectionSettings] File [D:/Learning/UnrealEngine/projects/BullCowGame-starter-kit/Saved/Config/Windows/Engine.ini]
[2020.11.12-16.22.28:554][  0]LogConfig: Setting CVar [[gc.MaxObjectsNotConsideredByGC:1]]
[2020.11.12-16.22.28:554][  0]LogConfig: Setting CVar [[gc.SizeOfPermanentObjectPool:0]]
[2020.11.12-16.22.28:554][  0]LogConfig: Setting CVar [[gc.FlushStreamingOnGC:0]]
[2020.11.12-16.22.28:554][  0]LogConfig: Setting CVar [[gc.NumRetriesBeforeForcingGC:10]]
[2020.11.12-16.22.28:554][  0]LogConfig: Setting CVar [[gc.AllowParallelGC:1]]
[2020.11.12-16.22.28:554][  0]LogConfig: Setting CVar [[gc.TimeBetweenPurgingPendingKillObjects:61.1]]
[2020.11.12-16.22.28:554][  0]LogConfig: Setting CVar [[gc.MaxObjectsInEditor:25165824]]
[2020.11.12-16.22.28:554][  0]LogConfig: Setting CVar [[gc.IncrementalBeginDestroyEnabled:1]]
[2020.11.12-16.22.28:555][  0]LogConfig: Setting CVar [[gc.CreateGCClusters:1]]
[2020.11.12-16.22.28:555][  0]LogConfig: Setting CVar [[gc.MinGCClusterSize:5]]
[2020.11.12-16.22.28:555][  0]LogConfig: Setting CVar [[gc.ActorClusteringEnabled:0]]
[2020.11.12-16.22.28:555][  0]LogConfig: Setting CVar [[gc.BlueprintClusteringEnabled:0]]
[2020.11.12-16.22.28:555][  0]LogConfig: Setting CVar [[gc.UseDisregardForGCOnDedicatedServers:0]]
[2020.11.12-16.22.28:555][  0]LogConfig: Applying CVar settings from Section [/Script/Engine.NetworkSettings] File [D:/Learning/UnrealEngine/projects/BullCowGame-starter-kit/Saved/Config/Windows/Engine.ini]
[2020.11.12-16.22.28:555][  0]LogConfig: Applying CVar settings from Section [/Script/UnrealEd.CookerSettings] File [D:/Learning/UnrealEngine/projects/BullCowGame-starter-kit/Saved/Config/Windows/Engine.ini]
[2020.11.12-16.22.28:563][  0]LogConfig: Applying CVar settings from Section [ViewDistanceQuality@3] File [D:/Learning/UnrealEngine/projects/BullCowGame-starter-kit/Saved/Config/Windows/Scalability.ini]
[2020.11.12-16.22.28:563][  0]LogConfig: Setting CVar [[r.SkeletalMeshLODBias:0]]
[2020.11.12-16.22.28:563][  0]LogConfig: Setting CVar [[r.ViewDistanceScale:1.0]]
[2020.11.12-16.22.28:563][  0]LogConfig: Applying CVar settings from Section [AntiAliasingQuality@3] File [D:/Learning/UnrealEngine/projects/BullCowGame-starter-kit/Saved/Config/Windows/Scalability.ini]
[2020.11.12-16.22.28:563][  0]LogConfig: Setting CVar [[r.PostProcessAAQuality:4]]
[2020.11.12-16.22.28:563][  0]LogConfig: Applying CVar settings from Section [ShadowQuality@3] File [D:/Learning/UnrealEngine/projects/BullCowGame-starter-kit/Saved/Config/Windows/Scalability.ini]
[2020.11.12-16.22.28:563][  0]LogConfig: Setting CVar [[r.LightFunctionQuality:1]]
[2020.11.12-16.22.28:563][  0]LogConfig: Setting CVar [[r.ShadowQuality:5]]
[2020.11.12-16.22.28:563][  0]LogConfig: Setting CVar [[r.Shadow.CSM.MaxCascades:10]]
[2020.11.12-16.22.28:563][  0]LogConfig: Setting CVar [[r.Shadow.MaxResolution:2048]]
[2020.11.12-16.22.28:563][  0]LogConfig: Setting CVar [[r.Shadow.MaxCSMResolution:2048]]
[2020.11.12-16.22.28:563][  0]LogConfig: Setting CVar [[r.Shadow.RadiusThreshold:0.01]]
[2020.11.12-16.22.28:563][  0]LogConfig: Setting CVar [[r.Shadow.DistanceScale:1.0]]
[2020.11.12-16.22.28:563][  0]LogConfig: Setting CVar [[r.Shadow.CSM.TransitionScale:1.0]]
[2020.11.12-16.22.28:563][  0]LogConfig: Setting CVar [[r.Shadow.PreShadowResolutionFactor:1.0]]
[2020.11.12-16.22.28:563][  0]LogConfig: Setting CVar [[r.DistanceFieldShadowing:1]]
[2020.11.12-16.22.28:563][  0]LogConfig: Setting CVar [[r.DistanceFieldAO:1]]
[2020.11.12-16.22.28:563][  0]LogConfig: Setting CVar [[r.AOQuality:2]]
[2020.11.12-16.22.28:563][  0]LogConfig: Setting CVar [[r.VolumetricFog:1]]
[2020.11.12-16.22.28:563][  0]LogConfig: Setting CVar [[r.VolumetricFog.GridPixelSize:8]]
[2020.11.12-16.22.28:563][  0]LogConfig: Setting CVar [[r.VolumetricFog.GridSizeZ:128]]
[2020.11.12-16.22.28:563][  0]LogConfig: Setting CVar [[r.VolumetricFog.HistoryMissSupersampleCount:4]]
[2020.11.12-16.22.28:563][  0]LogConfig: Setting CVar [[r.LightMaxDrawDistanceScale:1]]
[2020.11.12-16.22.28:563][  0]LogConfig: Setting CVar [[r.CapsuleShadows:1]]
[2020.11.12-16.22.28:563][  0]LogConfig: Applying CVar settings from Section [PostProcessQuality@3] File [D:/Learning/UnrealEngine/projects/BullCowGame-starter-kit/Saved/Config/Windows/Scalability.ini]
[2020.11.12-16.22.28:563][  0]LogConfig: Setting CVar [[r.MotionBlurQuality:4]]
[2020.11.12-16.22.28:563][  0]LogConfig: Setting CVar [[r.AmbientOcclusionMipLevelFactor:0.4]]
[2020.11.12-16.22.28:563][  0]LogConfig: Setting CVar [[r.AmbientOcclusionMaxQuality:100]]
[2020.11.12-16.22.28:563][  0]LogConfig: Setting CVar [[r.AmbientOcclusionLevels:-1]]
[2020.11.12-16.22.28:563][  0]LogConfig: Setting CVar [[r.AmbientOcclusionRadiusScale:1.0]]
[2020.11.12-16.22.28:563][  0]LogConfig: Setting CVar [[r.DepthOfFieldQuality:2]]
[2020.11.12-16.22.28:563][  0]LogConfig: Setting CVar [[r.RenderTargetPoolMin:400]]
[2020.11.12-16.22.28:563][  0]LogConfig: Setting CVar [[r.LensFlareQuality:2]]
[2020.11.12-16.22.28:563][  0]LogConfig: Setting CVar [[r.SceneColorFringeQuality:1]]
[2020.11.12-16.22.28:563][  0]LogConfig: Setting CVar [[r.EyeAdaptationQuality:2]]
[2020.11.12-16.22.28:563][  0]LogConfig: Setting CVar [[r.BloomQuality:5]]
[2020.11.12-16.22.28:563][  0]LogConfig: Setting CVar [[r.FastBlurThreshold:100]]
[2020.11.12-16.22.28:563][  0]LogConfig: Setting CVar [[r.Upscale.Quality:3]]
[2020.11.12-16.22.28:563][  0]LogConfig: Setting CVar [[r.Tonemapper.GrainQuantization:1]]
[2020.11.12-16.22.28:563][  0]LogConfig: Setting CVar [[r.LightShaftQuality:1]]
[2020.11.12-16.22.28:563][  0]LogConfig: Setting CVar [[r.Filter.SizeScale:1]]
[2020.11.12-16.22.28:563][  0]LogConfig: Setting CVar [[r.Tonemapper.Quality:5]]
[2020.11.12-16.22.28:563][  0]LogConfig: Setting CVar [[r.DOF.Gather.AccumulatorQuality:1        ; higher gathering accumulator quality]]
[2020.11.12-16.22.28:563][  0]LogConfig: Setting CVar [[r.DOF.Gather.PostfilterMethod:1          ; Median3x3 postfilering method]]
[2020.11.12-16.22.28:563][  0]LogConfig: Setting CVar [[r.DOF.Gather.EnableBokehSettings:0       ; no bokeh simulation when gathering]]
[2020.11.12-16.22.28:563][  0]LogConfig: Setting CVar [[r.DOF.Gather.RingCount:4                 ; medium number of samples when gathering]]
[2020.11.12-16.22.28:563][  0]LogConfig: Setting CVar [[r.DOF.Scatter.ForegroundCompositing:1    ; additive foreground scattering]]
[2020.11.12-16.22.28:563][  0]LogConfig: Setting CVar [[r.DOF.Scatter.BackgroundCompositing:2    ; additive background scattering]]
[2020.11.12-16.22.28:563][  0]LogConfig: Setting CVar [[r.DOF.Scatter.EnableBokehSettings:1      ; bokeh simulation when scattering]]
[2020.11.12-16.22.28:563][  0]LogConfig: Setting CVar [[r.DOF.Scatter.MaxSpriteRatio:0.1         ; only a maximum of 10% of scattered bokeh]]
[2020.11.12-16.22.28:563][  0]LogConfig: Setting CVar [[r.DOF.Recombine.Quality:1                ; cheap slight out of focus]]
[2020.11.12-16.22.28:563][  0]LogConfig: Setting CVar [[r.DOF.Recombine.EnableBokehSettings:0    ; no bokeh simulation on slight out of focus]]
[2020.11.12-16.22.28:563][  0]LogConfig: Setting CVar [[r.DOF.TemporalAAQuality:1                ; more stable temporal accumulation]]
[2020.11.12-16.22.28:563][  0]LogConfig: Setting CVar [[r.DOF.Kernel.MaxForegroundRadius:0.025]]
[2020.11.12-16.22.28:563][  0]LogConfig: Setting CVar [[r.DOF.Kernel.MaxBackgroundRadius:0.025]]
[2020.11.12-16.22.28:563][  0]LogConfig: Applying CVar settings from Section [TextureQuality@3] File [D:/Learning/UnrealEngine/projects/BullCowGame-starter-kit/Saved/Config/Windows/Scalability.ini]
[2020.11.12-16.22.28:563][  0]LogConfig: Setting CVar [[r.Streaming.MipBias:0]]
[2020.11.12-16.22.28:563][  0]LogConfig: Setting CVar [[r.Streaming.AmortizeCPUToGPUCopy:0]]
[2020.11.12-16.22.28:563][  0]LogConfig: Setting CVar [[r.Streaming.MaxNumTexturesToStreamPerFrame:0]]
[2020.11.12-16.22.28:563][  0]LogConfig: Setting CVar [[r.Streaming.Boost:1]]
[2020.11.12-16.22.28:563][  0]LogConfig: Setting CVar [[r.MaxAnisotropy:8]]
[2020.11.12-16.22.28:563][  0]LogConfig: Setting CVar [[r.VT.MaxAnisotropy:8]]
[2020.11.12-16.22.28:563][  0]LogConfig: Setting CVar [[r.Streaming.LimitPoolSizeToVRAM:0]]
[2020.11.12-16.22.28:563][  0]LogConfig: Setting CVar [[r.Streaming.PoolSize:1000]]
[2020.11.12-16.22.28:563][  0]LogConfig: Setting CVar [[r.Streaming.MaxEffectiveScreenSize:0]]
[2020.11.12-16.22.28:563][  0]LogConfig: Applying CVar settings from Section [EffectsQuality@3] File [D:/Learning/UnrealEngine/projects/BullCowGame-starter-kit/Saved/Config/Windows/Scalability.ini]
[2020.11.12-16.22.28:563][  0]LogConfig: Setting CVar [[r.TranslucencyLightingVolumeDim:64]]
[2020.11.12-16.22.28:563][  0]LogConfig: Setting CVar [[r.RefractionQuality:2]]
[2020.11.12-16.22.28:563][  0]LogConfig: Setting CVar [[r.SSR.Quality:3]]
[2020.11.12-16.22.28:563][  0]LogConfig: Setting CVar [[r.SSR.HalfResSceneColor:0]]
[2020.11.12-16.22.28:563][  0]LogConfig: Setting CVar [[r.SceneColorFormat:4]]
[2020.11.12-16.22.28:563][  0]LogConfig: Setting CVar [[r.DetailMode:2]]
[2020.11.12-16.22.28:563][  0]LogConfig: Setting CVar [[r.TranslucencyVolumeBlur:1]]
[2020.11.12-16.22.28:564][  0]LogConfig: Setting CVar [[r.MaterialQualityLevel:1 ; High quality]]
[2020.11.12-16.22.28:564][  0]LogConfig: Setting CVar [[r.SSS.Scale:1]]
[2020.11.12-16.22.28:564][  0]LogConfig: Setting CVar [[r.SSS.SampleSet:2]]
[2020.11.12-16.22.28:564][  0]LogConfig: Setting CVar [[r.SSS.Quality:1]]
[2020.11.12-16.22.28:564][  0]LogConfig: Setting CVar [[r.SSS.HalfRes:1]]
[2020.11.12-16.22.28:564][  0]LogConfig: Setting CVar [[r.SSGI.Quality:3]]
[2020.11.12-16.22.28:564][  0]LogConfig: Setting CVar [[r.EmitterSpawnRateScale:1.0]]
[2020.11.12-16.22.28:564][  0]LogConfig: Setting CVar [[r.ParticleLightQuality:2]]
[2020.11.12-16.22.28:564][  0]LogConfig: Setting CVar [[r.SkyAtmosphere.AerialPerspectiveLUT.FastApplyOnOpaque:1 ; Always have FastSkyLUT 1 in this case to avoid wrong sky]]
[2020.11.12-16.22.28:564][  0]LogConfig: Setting CVar [[r.SkyAtmosphere.AerialPerspectiveLUT.SampleCountPerSlice:1]]
[2020.11.12-16.22.28:564][  0]LogConfig: Setting CVar [[r.SkyAtmosphere.AerialPerspectiveLUT.DepthResolution:16.0]]
[2020.11.12-16.22.28:564][  0]LogConfig: Setting CVar [[r.SkyAtmosphere.FastSkyLUT:1]]
[2020.11.12-16.22.28:564][  0]LogConfig: Setting CVar [[r.SkyAtmosphere.FastSkyLUT.SampleCountMin:4.0]]
[2020.11.12-16.22.28:564][  0]LogConfig: Setting CVar [[r.SkyAtmosphere.FastSkyLUT.SampleCountMax:32.0]]
[2020.11.12-16.22.28:564][  0]LogConfig: Setting CVar [[r.SkyAtmosphere.SampleCountMin:4.0]]
[2020.11.12-16.22.28:564][  0]LogConfig: Setting CVar [[r.SkyAtmosphere.SampleCountMax:32.0]]
[2020.11.12-16.22.28:564][  0]LogConfig: Setting CVar [[r.SkyAtmosphere.TransmittanceLUT.UseSmallFormat:0]]
[2020.11.12-16.22.28:564][  0]LogConfig: Setting CVar [[r.SkyAtmosphere.TransmittanceLUT.SampleCount:10.0]]
[2020.11.12-16.22.28:564][  0]LogConfig: Setting CVar [[r.SkyAtmosphere.MultiScatteringLUT.SampleCount:15.0]]
[2020.11.12-16.22.28:564][  0]LogConfig: Applying CVar settings from Section [FoliageQuality@3] File [D:/Learning/UnrealEngine/projects/BullCowGame-starter-kit/Saved/Config/Windows/Scalability.ini]
[2020.11.12-16.22.28:564][  0]LogConfig: Setting CVar [[foliage.DensityScale:1.0]]
[2020.11.12-16.22.28:564][  0]LogConfig: Setting CVar [[grass.DensityScale:1.0]]
[2020.11.12-16.22.28:564][  0]LogConfig: Applying CVar settings from Section [ShadingQuality@3] File [D:/Learning/UnrealEngine/projects/BullCowGame-starter-kit/Saved/Config/Windows/Scalability.ini]
[2020.11.12-16.22.28:564][  0]LogConfig: Setting CVar [[r.HairStrands.SkyLighting.SampleCount:16]]
[2020.11.12-16.22.28:564][  0]LogConfig: Setting CVar [[r.HairStrands.SkyLighting.JitterIntegration:0]]
[2020.11.12-16.22.28:564][  0]LogConfig: Setting CVar [[r.HairStrands.SkyAO.SampleCount:16]]
[2020.11.12-16.22.28:564][  0]LogInit: Selected Device Profile: [Windows]
[2020.11.12-16.22.28:564][  0]LogInit: Applying CVar settings loaded from the selected device profile: [Windows]
[2020.11.12-16.22.28:566][  0]LogHAL: Display: Platform has ~ 32 GB [34293186560 / 34359738368 / 32], which maps to Largest [LargestMinGB=32, LargerMinGB=12, DefaultMinGB=8, SmallerMinGB=6, SmallestMinGB=0)
[2020.11.12-16.22.28:566][  0]LogInit: Going up to parent DeviceProfile []
[2020.11.12-16.22.28:566][  0]LogConfig: Applying CVar settings from Section [ViewDistanceQuality@3] File [D:/Learning/UnrealEngine/projects/BullCowGame-starter-kit/Saved/Config/Windows/Scalability.ini]
[2020.11.12-16.22.28:567][  0]LogConfig: Setting CVar [[r.SkeletalMeshLODBias:0]]
[2020.11.12-16.22.28:567][  0]LogConfig: Setting CVar [[r.ViewDistanceScale:1.0]]
[2020.11.12-16.22.28:567][  0]LogConfig: Applying CVar settings from Section [AntiAliasingQuality@3] File [D:/Learning/UnrealEngine/projects/BullCowGame-starter-kit/Saved/Config/Windows/Scalability.ini]
[2020.11.12-16.22.28:567][  0]LogConfig: Setting CVar [[r.PostProcessAAQuality:4]]
[2020.11.12-16.22.28:567][  0]LogConfig: Applying CVar settings from Section [ShadowQuality@3] File [D:/Learning/UnrealEngine/projects/BullCowGame-starter-kit/Saved/Config/Windows/Scalability.ini]
[2020.11.12-16.22.28:567][  0]LogConfig: Setting CVar [[r.LightFunctionQuality:1]]
[2020.11.12-16.22.28:567][  0]LogConfig: Setting CVar [[r.ShadowQuality:5]]
[2020.11.12-16.22.28:567][  0]LogConfig: Setting CVar [[r.Shadow.CSM.MaxCascades:10]]
[2020.11.12-16.22.28:567][  0]LogConfig: Setting CVar [[r.Shadow.MaxResolution:2048]]
[2020.11.12-16.22.28:567][  0]LogConfig: Setting CVar [[r.Shadow.MaxCSMResolution:2048]]
[2020.11.12-16.22.28:567][  0]LogConfig: Setting CVar [[r.Shadow.RadiusThreshold:0.01]]
[2020.11.12-16.22.28:567][  0]LogConfig: Setting CVar [[r.Shadow.DistanceScale:1.0]]
[2020.11.12-16.22.28:567][  0]LogConfig: Setting CVar [[r.Shadow.CSM.TransitionScale:1.0]]
[2020.11.12-16.22.28:567][  0]LogConfig: Setting CVar [[r.Shadow.PreShadowResolutionFactor:1.0]]
[2020.11.12-16.22.28:567][  0]LogConfig: Setting CVar [[r.DistanceFieldShadowing:1]]
[2020.11.12-16.22.28:567][  0]LogConfig: Setting CVar [[r.DistanceFieldAO:1]]
[2020.11.12-16.22.28:567][  0]LogConfig: Setting CVar [[r.AOQuality:2]]
[2020.11.12-16.22.28:567][  0]LogConfig: Setting CVar [[r.VolumetricFog:1]]
[2020.11.12-16.22.28:567][  0]LogConfig: Setting CVar [[r.VolumetricFog.GridPixelSize:8]]
[2020.11.12-16.22.28:567][  0]LogConfig: Setting CVar [[r.VolumetricFog.GridSizeZ:128]]
[2020.11.12-16.22.28:567][  0]LogConfig: Setting CVar [[r.VolumetricFog.HistoryMissSupersampleCount:4]]
[2020.11.12-16.22.28:567][  0]LogConfig: Setting CVar [[r.LightMaxDrawDistanceScale:1]]
[2020.11.12-16.22.28:567][  0]LogConfig: Setting CVar [[r.CapsuleShadows:1]]
[2020.11.12-16.22.28:567][  0]LogConfig: Applying CVar settings from Section [PostProcessQuality@3] File [D:/Learning/UnrealEngine/projects/BullCowGame-starter-kit/Saved/Config/Windows/Scalability.ini]
[2020.11.12-16.22.28:567][  0]LogConfig: Setting CVar [[r.MotionBlurQuality:4]]
[2020.11.12-16.22.28:567][  0]LogConfig: Setting CVar [[r.AmbientOcclusionMipLevelFactor:0.4]]
[2020.11.12-16.22.28:567][  0]LogConfig: Setting CVar [[r.AmbientOcclusionMaxQuality:100]]
[2020.11.12-16.22.28:567][  0]LogConfig: Setting CVar [[r.AmbientOcclusionLevels:-1]]
[2020.11.12-16.22.28:567][  0]LogConfig: Setting CVar [[r.AmbientOcclusionRadiusScale:1.0]]
[2020.11.12-16.22.28:567][  0]LogConfig: Setting CVar [[r.DepthOfFieldQuality:2]]
[2020.11.12-16.22.28:567][  0]LogConfig: Setting CVar [[r.RenderTargetPoolMin:400]]
[2020.11.12-16.22.28:567][  0]LogConfig: Setting CVar [[r.LensFlareQuality:2]]
[2020.11.12-16.22.28:567][  0]LogConfig: Setting CVar [[r.SceneColorFringeQuality:1]]
[2020.11.12-16.22.28:567][  0]LogConfig: Setting CVar [[r.EyeAdaptationQuality:2]]
[2020.11.12-16.22.28:567][  0]LogConfig: Setting CVar [[r.BloomQuality:5]]
[2020.11.12-16.22.28:567][  0]LogConfig: Setting CVar [[r.FastBlurThreshold:100]]
[2020.11.12-16.22.28:567][  0]LogConfig: Setting CVar [[r.Upscale.Quality:3]]
[2020.11.12-16.22.28:567][  0]LogConfig: Setting CVar [[r.Tonemapper.GrainQuantization:1]]
[2020.11.12-16.22.28:567][  0]LogConfig: Setting CVar [[r.LightShaftQuality:1]]
[2020.11.12-16.22.28:567][  0]LogConfig: Setting CVar [[r.Filter.SizeScale:1]]
[2020.11.12-16.22.28:567][  0]LogConfig: Setting CVar [[r.Tonemapper.Quality:5]]
[2020.11.12-16.22.28:567][  0]LogConfig: Setting CVar [[r.DOF.Gather.AccumulatorQuality:1        ; higher gathering accumulator quality]]
[2020.11.12-16.22.28:567][  0]LogConfig: Setting CVar [[r.DOF.Gather.PostfilterMethod:1          ; Median3x3 postfilering method]]
[2020.11.12-16.22.28:567][  0]LogConfig: Setting CVar [[r.DOF.Gather.EnableBokehSettings:0       ; no bokeh simulation when gathering]]
[2020.11.12-16.22.28:567][  0]LogConfig: Setting CVar [[r.DOF.Gather.RingCount:4                 ; medium number of samples when gathering]]
[2020.11.12-16.22.28:567][  0]LogConfig: Setting CVar [[r.DOF.Scatter.ForegroundCompositing:1    ; additive foreground scattering]]
[2020.11.12-16.22.28:567][  0]LogConfig: Setting CVar [[r.DOF.Scatter.BackgroundCompositing:2    ; additive background scattering]]
[2020.11.12-16.22.28:567][  0]LogConfig: Setting CVar [[r.DOF.Scatter.EnableBokehSettings:1      ; bokeh simulation when scattering]]
[2020.11.12-16.22.28:567][  0]LogConfig: Setting CVar [[r.DOF.Scatter.MaxSpriteRatio:0.1         ; only a maximum of 10% of scattered bokeh]]
[2020.11.12-16.22.28:567][  0]LogConfig: Setting CVar [[r.DOF.Recombine.Quality:1                ; cheap slight out of focus]]
[2020.11.12-16.22.28:567][  0]LogConfig: Setting CVar [[r.DOF.Recombine.EnableBokehSettings:0    ; no bokeh simulation on slight out of focus]]
[2020.11.12-16.22.28:567][  0]LogConfig: Setting CVar [[r.DOF.TemporalAAQuality:1                ; more stable temporal accumulation]]
[2020.11.12-16.22.28:567][  0]LogConfig: Setting CVar [[r.DOF.Kernel.MaxForegroundRadius:0.025]]
[2020.11.12-16.22.28:567][  0]LogConfig: Setting CVar [[r.DOF.Kernel.MaxBackgroundRadius:0.025]]
[2020.11.12-16.22.28:567][  0]LogConfig: Applying CVar settings from Section [TextureQuality@3] File [D:/Learning/UnrealEngine/projects/BullCowGame-starter-kit/Saved/Config/Windows/Scalability.ini]
[2020.11.12-16.22.28:567][  0]LogConfig: Setting CVar [[r.Streaming.MipBias:0]]
[2020.11.12-16.22.28:567][  0]LogConfig: Setting CVar [[r.Streaming.AmortizeCPUToGPUCopy:0]]
[2020.11.12-16.22.28:567][  0]LogConfig: Setting CVar [[r.Streaming.MaxNumTexturesToStreamPerFrame:0]]
[2020.11.12-16.22.28:567][  0]LogConfig: Setting CVar [[r.Streaming.Boost:1]]
[2020.11.12-16.22.28:567][  0]LogConfig: Setting CVar [[r.MaxAnisotropy:8]]
[2020.11.12-16.22.28:567][  0]LogConfig: Setting CVar [[r.VT.MaxAnisotropy:8]]
[2020.11.12-16.22.28:567][  0]LogConfig: Setting CVar [[r.Streaming.LimitPoolSizeToVRAM:0]]
[2020.11.12-16.22.28:567][  0]LogConfig: Setting CVar [[r.Streaming.PoolSize:1000]]
[2020.11.12-16.22.28:567][  0]LogConfig: Setting CVar [[r.Streaming.MaxEffectiveScreenSize:0]]
[2020.11.12-16.22.28:567][  0]LogConfig: Applying CVar settings from Section [EffectsQuality@3] File [D:/Learning/UnrealEngine/projects/BullCowGame-starter-kit/Saved/Config/Windows/Scalability.ini]
[2020.11.12-16.22.28:567][  0]LogConfig: Setting CVar [[r.TranslucencyLightingVolumeDim:64]]
[2020.11.12-16.22.28:567][  0]LogConfig: Setting CVar [[r.RefractionQuality:2]]
[2020.11.12-16.22.28:567][  0]LogConfig: Setting CVar [[r.SSR.Quality:3]]
[2020.11.12-16.22.28:567][  0]LogConfig: Setting CVar [[r.SSR.HalfResSceneColor:0]]
[2020.11.12-16.22.28:567][  0]LogConfig: Setting CVar [[r.SceneColorFormat:4]]
[2020.11.12-16.22.28:567][  0]LogConfig: Setting CVar [[r.DetailMode:2]]
[2020.11.12-16.22.28:567][  0]LogConfig: Setting CVar [[r.TranslucencyVolumeBlur:1]]
[2020.11.12-16.22.28:567][  0]LogConfig: Setting CVar [[r.MaterialQualityLevel:1 ; High quality]]
[2020.11.12-16.22.28:567][  0]LogConfig: Setting CVar [[r.SSS.Scale:1]]
[2020.11.12-16.22.28:567][  0]LogConfig: Setting CVar [[r.SSS.SampleSet:2]]
[2020.11.12-16.22.28:567][  0]LogConfig: Setting CVar [[r.SSS.Quality:1]]
[2020.11.12-16.22.28:567][  0]LogConfig: Setting CVar [[r.SSS.HalfRes:1]]
[2020.11.12-16.22.28:567][  0]LogConfig: Setting CVar [[r.SSGI.Quality:3]]
[2020.11.12-16.22.28:567][  0]LogConfig: Setting CVar [[r.EmitterSpawnRateScale:1.0]]
[2020.11.12-16.22.28:567][  0]LogConfig: Setting CVar [[r.ParticleLightQuality:2]]
[2020.11.12-16.22.28:567][  0]LogConfig: Setting CVar [[r.SkyAtmosphere.AerialPerspectiveLUT.FastApplyOnOpaque:1 ; Always have FastSkyLUT 1 in this case to avoid wrong sky]]
[2020.11.12-16.22.28:568][  0]LogConfig: Setting CVar [[r.SkyAtmosphere.AerialPerspectiveLUT.SampleCountPerSlice:1]]
[2020.11.12-16.22.28:568][  0]LogConfig: Setting CVar [[r.SkyAtmosphere.AerialPerspectiveLUT.DepthResolution:16.0]]
[2020.11.12-16.22.28:568][  0]LogConfig: Setting CVar [[r.SkyAtmosphere.FastSkyLUT:1]]
[2020.11.12-16.22.28:568][  0]LogConfig: Setting CVar [[r.SkyAtmosphere.FastSkyLUT.SampleCountMin:4.0]]
[2020.11.12-16.22.28:568][  0]LogConfig: Setting CVar [[r.SkyAtmosphere.FastSkyLUT.SampleCountMax:32.0]]
[2020.11.12-16.22.28:568][  0]LogConfig: Setting CVar [[r.SkyAtmosphere.SampleCountMin:4.0]]
[2020.11.12-16.22.28:568][  0]LogConfig: Setting CVar [[r.SkyAtmosphere.SampleCountMax:32.0]]
[2020.11.12-16.22.28:568][  0]LogConfig: Setting CVar [[r.SkyAtmosphere.TransmittanceLUT.UseSmallFormat:0]]
[2020.11.12-16.22.28:568][  0]LogConfig: Setting CVar [[r.SkyAtmosphere.TransmittanceLUT.SampleCount:10.0]]
[2020.11.12-16.22.28:568][  0]LogConfig: Setting CVar [[r.SkyAtmosphere.MultiScatteringLUT.SampleCount:15.0]]
[2020.11.12-16.22.28:568][  0]LogConfig: Applying CVar settings from Section [FoliageQuality@3] File [D:/Learning/UnrealEngine/projects/BullCowGame-starter-kit/Saved/Config/Windows/Scalability.ini]
[2020.11.12-16.22.28:568][  0]LogConfig: Setting CVar [[foliage.DensityScale:1.0]]
[2020.11.12-16.22.28:568][  0]LogConfig: Setting CVar [[grass.DensityScale:1.0]]
[2020.11.12-16.22.28:568][  0]LogConfig: Applying CVar settings from Section [ShadingQuality@3] File [D:/Learning/UnrealEngine/projects/BullCowGame-starter-kit/Saved/Config/Windows/Scalability.ini]
[2020.11.12-16.22.28:568][  0]LogConfig: Setting CVar [[r.HairStrands.SkyLighting.SampleCount:16]]
[2020.11.12-16.22.28:568][  0]LogConfig: Setting CVar [[r.HairStrands.SkyLighting.JitterIntegration:0]]
[2020.11.12-16.22.28:568][  0]LogConfig: Setting CVar [[r.HairStrands.SkyAO.SampleCount:16]]
[2020.11.12-16.22.28:568][  0]LogConfig: Applying CVar settings from Section [Startup] File [../../../Engine/Config/ConsoleVariables.ini]
[2020.11.12-16.22.28:568][  0]LogConfig: Setting CVar [[net.UseAdaptiveNetUpdateFrequency:0]]
[2020.11.12-16.22.28:568][  0]LogConfig: Setting CVar [[p.chaos.AllowCreatePhysxBodies:1]]
[2020.11.12-16.22.28:568][  0]LogConfig: Applying CVar settings from Section [ConsoleVariables] File [D:/Learning/UnrealEngine/projects/BullCowGame-starter-kit/Saved/Config/Windows/Engine.ini]
[2020.11.12-16.22.28:568][  0]LogInit: Computer: DESKTOP-C5IO383
[2020.11.12-16.22.28:568][  0]LogInit: User: artig
[2020.11.12-16.22.28:568][  0]LogInit: CPU Page size=4096, Cores=8
[2020.11.12-16.22.28:568][  0]LogInit: High frequency timer resolution =10.000000 MHz
[2020.11.12-16.22.28:568][  0]LogMemory: Memory total: Physical=31.9GB (32GB approx)
[2020.11.12-16.22.28:568][  0]LogMemory: Platform Memory Stats for Windows
[2020.11.12-16.22.28:568][  0]LogMemory: Process Physical Memory: 109.42 MB used, 109.42 MB peak
[2020.11.12-16.22.28:568][  0]LogMemory: Process Virtual Memory: 102.26 MB used, 102.26 MB peak
[2020.11.12-16.22.28:568][  0]LogMemory: Physical Memory: 15891.74 MB used,  16812.79 MB free, 32704.53 MB total
[2020.11.12-16.22.28:568][  0]LogMemory: Virtual Memory: 5179.98 MB used,  134212544.00 MB free, 134217728.00 MB total
[2020.11.12-16.22.28:571][  0]LogWindows: WindowsPlatformFeatures enabled
[2020.11.12-16.22.28:586][  0]LogInit: Using OS detected language (ru-RU).
[2020.11.12-16.22.28:586][  0]LogInit: Using OS detected locale (ru-RU).
[2020.11.12-16.22.28:586][  0]LogTextLocalizationManager: No specific localization for 'ru-RU' exists, so the 'ru' localization will be used.
[2020.11.12-16.22.28:587][  0]LogTextLocalizationResource: LocRes '../../../Engine/Content/Localization/Editor/ru/Editor.locres' could not be opened for reading!
[2020.11.12-16.22.28:587][  0]LogTextLocalizationResource: LocRes '../../../Engine/Content/Localization/EditorTutorials/ru/EditorTutorials.locres' could not be opened for reading!
[2020.11.12-16.22.28:587][  0]LogTextLocalizationResource: LocRes '../../../Engine/Content/Localization/Keywords/ru/Keywords.locres' could not be opened for reading!
[2020.11.12-16.22.28:587][  0]LogTextLocalizationResource: LocRes '../../../Engine/Content/Localization/Category/ru/Category.locres' could not be opened for reading!
[2020.11.12-16.22.28:587][  0]LogTextLocalizationResource: LocRes '../../../Engine/Content/Localization/ToolTips/ru/ToolTips.locres' could not be opened for reading!
[2020.11.12-16.22.28:588][  0]LogTextLocalizationResource: LocRes '../../../Engine/Content/Localization/PropertyNames/ru/PropertyNames.locres' could not be opened for reading!
[2020.11.12-16.22.28:588][  0]LogTextLocalizationResource: LocRes '../../../Engine/Content/Localization/Engine/ru/Engine.locres' could not be opened for reading!
[2020.11.12-16.22.28:589][  0]LogInit: Setting process to per monitor DPI aware
[2020.11.12-16.22.28:630][  0]LogSlate: New Slate User Created.  User Index 0, Is Virtual User: 0
[2020.11.12-16.22.28:630][  0]LogSlate: Slate User Registered.  User Index 0, Is Virtual User: 0
[2020.11.12-16.22.28:803][  0]LogHMD: Failed to initialize OpenVR with code 110
[2020.11.12-16.22.28:803][  0]LogD3D11RHI: D3D11 min allowed feature level: 11_0
[2020.11.12-16.22.28:803][  0]LogD3D11RHI: D3D11 max allowed feature level: 11_0
[2020.11.12-16.22.28:803][  0]LogD3D11RHI: D3D11 adapters:
[2020.11.12-16.22.28:833][  0]LogD3D11RHI:    0. 'Radeon RX 580 Series' (Feature Level 11_0)
[2020.11.12-16.22.28:833][  0]LogD3D11RHI:       8137/0/16352 MB DedicatedVideo/DedicatedSystem/SharedSystem, Outputs:2, VendorId:0x1002
[2020.11.12-16.22.28:836][  0]LogD3D11RHI:    1. 'Microsoft Basic Render Driver' (Feature Level 11_0)
[2020.11.12-16.22.28:836][  0]LogD3D11RHI:       0/0/16352 MB DedicatedVideo/DedicatedSystem/SharedSystem, Outputs:0, VendorId:0x1414
[2020.11.12-16.22.28:836][  0]LogD3D11RHI: Chosen D3D11 Adapter: 0
[2020.11.12-16.22.28:846][  0]LogD3D11RHI: Creating new Direct3DDevice
[2020.11.12-16.22.28:846][  0]LogD3D11RHI:     GPU DeviceId: 0x67df (for the marketing name, search the web for "GPU Device Id")
[2020.11.12-16.22.28:846][  0]LogWindows: EnumDisplayDevices:
[2020.11.12-16.22.28:846][  0]LogWindows:    0. 'Radeon RX 580 Series' (P:1 D:1)
[2020.11.12-16.22.28:846][  0]LogWindows:    1. 'Radeon RX 580 Series' (P:0 D:1)
[2020.11.12-16.22.28:847][  0]LogWindows:    2. 'Radeon RX 580 Series' (P:0 D:0)
[2020.11.12-16.22.28:847][  0]LogWindows:    3. 'Radeon RX 580 Series' (P:0 D:0)
[2020.11.12-16.22.28:847][  0]LogWindows:    4. 'Radeon RX 580 Series' (P:0 D:0)
[2020.11.12-16.22.28:848][  0]LogWindows:    5. 'Radeon RX 580 Series' (P:0 D:0)
[2020.11.12-16.22.28:848][  0]LogWindows:    6. 'Radeon RX 580 Series' (P:0 D:0)
[2020.11.12-16.22.28:848][  0]LogWindows:    7. 'Radeon RX 580 Series' (P:0 D:0)
[2020.11.12-16.22.28:848][  0]LogWindows: DebugString: FoundDriverCount:8 
[2020.11.12-16.22.28:848][  0]LogD3D11RHI:     Adapter Name: Radeon RX 580 Series
[2020.11.12-16.22.28:848][  0]LogD3D11RHI:   Driver Version: Adrenalin 19.20 (internal:26.20.12028.2, unified:26.20.12028.2)
[2020.11.12-16.22.28:848][  0]LogD3D11RHI:      Driver Date: 8-16-2019
[2020.11.12-16.22.28:848][  0]LogRHI: Texture pool is 5695 MB (70% of 8137 MB)
[2020.11.12-16.22.28:902][  0]LogD3D11RHI: RHI does not have support for 64 bit atomics
[2020.11.12-16.22.28:902][  0]LogD3D11RHI: Async texture creation enabled
[2020.11.12-16.22.28:902][  0]LogD3D11RHI: HDR output is supported on display 0 (AMD Device: 0x0, Display: 0x0).
[2020.11.12-16.22.28:914][  0]LogD3D11RHI: GPU Timing Frequency: 25.000000 (Debug: 2 1)
[2020.11.12-16.22.29:189][  0]LogTargetPlatformManager: Display: Loaded TargetPlatform 'AllDesktop'
[2020.11.12-16.22.29:219][  0]LogTargetPlatformManager: Display: Loaded TargetPlatform 'Android'
[2020.11.12-16.22.29:219][  0]LogTargetPlatformManager: Display: Loaded TargetPlatform 'Android_ASTC'
[2020.11.12-16.22.29:219][  0]LogTargetPlatformManager: Display: Loaded TargetPlatform 'Android_ATC'
[2020.11.12-16.22.29:219][  0]LogTargetPlatformManager: Display: Loaded TargetPlatform 'Android_DXT'
[2020.11.12-16.22.29:219][  0]LogTargetPlatformManager: Display: Loaded TargetPlatform 'Android_ETC1'
[2020.11.12-16.22.29:219][  0]LogTargetPlatformManager: Display: Loaded TargetPlatform 'Android_ETC1a'
[2020.11.12-16.22.29:220][  0]LogTargetPlatformManager: Display: Loaded TargetPlatform 'Android_ETC2'
[2020.11.12-16.22.29:220][  0]LogTargetPlatformManager: Display: Loaded TargetPlatform 'Android_PVRTC'
[2020.11.12-16.22.29:220][  0]LogTargetPlatformManager: Display: Loaded TargetPlatform 'AndroidClient'
[2020.11.12-16.22.29:220][  0]LogTargetPlatformManager: Display: Loaded TargetPlatform 'Android_ASTCClient'
[2020.11.12-16.22.29:220][  0]LogTargetPlatformManager: Display: Loaded TargetPlatform 'Android_ATCClient'
[2020.11.12-16.22.29:220][  0]LogTargetPlatformManager: Display: Loaded TargetPlatform 'Android_DXTClient'
[2020.11.12-16.22.29:220][  0]LogTargetPlatformManager: Display: Loaded TargetPlatform 'Android_ETC1Client'
[2020.11.12-16.22.29:220][  0]LogTargetPlatformManager: Display: Loaded TargetPlatform 'Android_ETC1aClient'
[2020.11.12-16.22.29:220][  0]LogTargetPlatformManager: Display: Loaded TargetPlatform 'Android_ETC2Client'
[2020.11.12-16.22.29:220][  0]LogTargetPlatformManager: Display: Loaded TargetPlatform 'Android_PVRTCClient'
[2020.11.12-16.22.29:220][  0]LogTargetPlatformManager: Display: Loaded TargetPlatform 'Android_Multi'
[2020.11.12-16.22.29:220][  0]LogTargetPlatformManager: Display: Loaded TargetPlatform 'Android_MultiClient'
[2020.11.12-16.22.29:239][  0]LogTargetPlatformManager: Display: Loaded TargetPlatform 'IOSClient'
[2020.11.12-16.22.29:239][  0]LogTargetPlatformManager: Display: Loaded TargetPlatform 'IOS'
[2020.11.12-16.22.29:247][  0]LogTargetPlatformManager: Display: Loaded TargetPlatform 'LinuxNoEditor'
[2020.11.12-16.22.29:254][  0]LogTargetPlatformManager: Display: Loaded TargetPlatform 'LinuxClient'
[2020.11.12-16.22.29:262][  0]LogTargetPlatformManager: Display: Loaded TargetPlatform 'LinuxServer'
[2020.11.12-16.22.29:269][  0]LogTargetPlatformManager: Display: Loaded TargetPlatform 'LinuxAArch64NoEditor'
[2020.11.12-16.22.29:276][  0]LogTargetPlatformManager: Display: Loaded TargetPlatform 'LinuxAArch64Client'
[2020.11.12-16.22.29:283][  0]LogTargetPlatformManager: Display: Loaded TargetPlatform 'LinuxAArch64Server'
[2020.11.12-16.22.29:309][  0]LogTargetPlatformManager: Display: Loaded TargetPlatform 'Lumin'
[2020.11.12-16.22.29:309][  0]LogTargetPlatformManager: Display: Loaded TargetPlatform 'LuminClient'
[2020.11.12-16.22.29:323][  0]LogTargetPlatformManager: Display: Loaded TargetPlatform 'TVOSClient'
[2020.11.12-16.22.29:323][  0]LogTargetPlatformManager: Display: Loaded TargetPlatform 'TVOS'
[2020.11.12-16.22.29:331][  0]LogTargetPlatformManager: Display: Loaded TargetPlatform 'WindowsNoEditor'
[2020.11.12-16.22.29:338][  0]LogTargetPlatformManager: Display: Loaded TargetPlatform 'Windows'
[2020.11.12-16.22.29:345][  0]LogTargetPlatformManager: Display: Loaded TargetPlatform 'WindowsClient'
[2020.11.12-16.22.29:352][  0]LogTargetPlatformManager: Display: Loaded TargetPlatform 'WindowsServer'
[2020.11.12-16.22.29:352][  0]LogTargetPlatformManager: Display: Building Assets For Windows
[2020.11.12-16.22.29:355][  0]LogAudioDebug: Display: Lib vorbis DLL was dynamically loaded.
[2020.11.12-16.22.29:381][  0]LogShaderCompilers: Guid format shader working directory is -12 characters bigger than the processId version (D:/Learning/UnrealEngine/projects/BullCowGame-starter-kit/Intermediate/Shaders/WorkingDirectory/21308/).
[2020.11.12-16.22.29:381][  0]LogShaderCompilers: Cleaned the shader compiler working directory 'C:/Users/artig/AppData/Local/Temp/UnrealShaderWorkingDir/BF4775CA4385918A15C2B58315D87AD9/'.
[2020.11.12-16.22.29:381][  0]LogXGEController: Cannot use XGE Controller as Incredibuild is not installed on this machine.
[2020.11.12-16.22.29:381][  0]LogShaderCompilers: Cannot use XGE Shader Compiler as Incredibuild is not installed on this machine.
[2020.11.12-16.22.29:381][  0]LogShaderCompilers: Display: Using Local Shader Compiler.
[2020.11.12-16.22.30:067][  0]LogDerivedDataCache: Display: Max Cache Size: 512 MB
[2020.11.12-16.22.30:108][  0]LogDerivedDataCache: Loaded boot cache 0.04s 78MB C:/Users/artig/AppData/Local/UnrealEngine/4.24/DerivedDataCache/Boot.ddc.
[2020.11.12-16.22.30:108][  0]LogDerivedDataCache: Display: Loaded Boot cache: C:/Users/artig/AppData/Local/UnrealEngine/4.24/DerivedDataCache/Boot.ddc
[2020.11.12-16.22.30:108][  0]LogDerivedDataCache: FDerivedDataBackendGraph:  Pak pak cache file D:/Learning/UnrealEngine/projects/BullCowGame-starter-kit/DerivedDataCache/DDC.ddp not found, will not use a pak cache.
[2020.11.12-16.22.30:108][  0]LogDerivedDataCache: Unable to find inner node Pak for hierarchical cache Hierarchy.
[2020.11.12-16.22.30:108][  0]LogDerivedDataCache: FDerivedDataBackendGraph:  CompressedPak pak cache file D:/Learning/UnrealEngine/projects/BullCowGame-starter-kit/DerivedDataCache/Compressed.ddp not found, will not use a pak cache.
[2020.11.12-16.22.30:108][  0]LogDerivedDataCache: Unable to find inner node CompressedPak for hierarchical cache Hierarchy.
[2020.11.12-16.22.30:119][  0]LogDerivedDataCache: Display: Pak cache opened for reading ../../../Engine/DerivedDataCache/Compressed.ddp.
[2020.11.12-16.22.30:119][  0]LogDerivedDataCache: FDerivedDataBackendGraph:  EnterprisePak pak cache file ../../../Enterprise/DerivedDataCache/Compressed.ddp not found, will not use a pak cache.
[2020.11.12-16.22.30:119][  0]LogDerivedDataCache: Unable to find inner node EnterprisePak for hierarchical cache Hierarchy.
[2020.11.12-16.22.30:120][  0]LogDerivedDataCache: Using Local data cache path C:/Users/artig/AppData/Local/UnrealEngine/Common/DerivedDataCache: Writable
[2020.11.12-16.22.30:120][  0]LogDerivedDataCache: Shared data cache path not found in *engine.ini, will not use an Shared cache.
[2020.11.12-16.22.30:120][  0]LogDerivedDataCache: Unable to find inner node Shared for hierarchical cache Hierarchy.
[2020.11.12-16.22.30:148][  0]LogMaterial: Verifying Global Shaders for PCD3D_SM5
[2020.11.12-16.22.30:151][  0]LogSlate: Using FreeType 2.10.0
[2020.11.12-16.22.30:152][  0]LogSlate: SlateFontServices - WITH_FREETYPE: 1, WITH_HARFBUZZ: 1
[2020.11.12-16.22.30:204][  0]LogAssetRegistry: FAssetRegistry took 0.0023 seconds to start up
[2020.11.12-16.22.30:480][  0]LogInit: Selected Device Profile: [Windows]
[2020.11.12-16.22.30:622][  0]LogMeshReduction: Using QuadricMeshReduction for automatic static mesh reduction
[2020.11.12-16.22.30:622][  0]LogMeshReduction: Using SimplygonMeshReduction for automatic skeletal mesh reduction
[2020.11.12-16.22.30:622][  0]LogMeshReduction: Using ProxyLODMeshReduction for automatic mesh merging
[2020.11.12-16.22.30:622][  0]LogMeshReduction: No distributed automatic mesh merging module available
[2020.11.12-16.22.30:622][  0]LogMeshMerging: No distributed automatic mesh merging module available
[2020.11.12-16.22.30:637][  0]LogNetVersion: BullCowGame 1.0.0, NetCL: 10570792, EngineNetVer: 13, GameNetVer: 0 (Checksum: 1680031705)
[2020.11.12-16.22.31:619][  0]LogPackageLocalizationCache: Processed 10 localized package path(s) for 1 prioritized culture(s) in 0.031470 seconds
[2020.11.12-16.22.31:627][  0]LogUObjectArray: 46750 objects as part of root set at end of initial load.
[2020.11.12-16.22.31:627][  0]LogUObjectAllocator: 8137160 out of 0 bytes used by permanent object pool.
[2020.11.12-16.22.31:627][  0]LogUObjectArray: CloseDisregardForGC: 0/0 objects in disregard for GC pool
[2020.11.12-16.22.32:017][  0]LogTcpMessaging: Initializing TcpMessaging bridge
[2020.11.12-16.22.32:020][  0]LogUdpMessaging: Initializing bridge on interface 0.0.0.0:0 to multicast group 230.0.0.1:6666.
[2020.11.12-16.22.32:076][  0]SourceControl: Source control is disabled
[2020.11.12-16.22.32:076][  0]SourceControl: Source control is disabled
[2020.11.12-16.22.32:077][  0]SourceControl: Source control is disabled
[2020.11.12-16.22.32:078][  0]SourceControl: Source control is disabled
[2020.11.12-16.22.32:079][  0]SourceControl: Source control is disabled
[2020.11.12-16.22.32:158][  0]LogAndroidPermission: UAndroidPermissionCallbackProxy::GetInstance
[2020.11.12-16.22.32:169][  0]LogAudioCaptureCore: Display: No Audio Capture implementations found. Audio input will be silent.
[2020.11.12-16.22.32:169][  0]LogAudioCaptureCore: Display: No Audio Capture implementations found. Audio input will be silent.
[2020.11.12-16.22.32:255][  0]LogOcInput: OculusInput pre-init called
[2020.11.12-16.22.32:263][  0]LogWindows: Failed to load 'OVRPlugin.dll' (GetLastError=126)
[2020.11.12-16.22.32:263][  0]LogWindows: File 'OVRPlugin.dll' does not exist
[2020.11.12-16.22.32:333][  0]LogEngine: Initializing Engine...
[2020.11.12-16.22.32:334][  0]LogHMD: Failed to initialize OpenVR with code 110
[2020.11.12-16.22.32:335][  0]LogStats: UGameplayTagsManager::InitializeManager -  0.000 s
[2020.11.12-16.22.32:656][  0]LogInit: Initializing FReadOnlyCVARCache
[2020.11.12-16.22.32:661][  0]LogAIModule: Creating AISystem for world Untitled
[2020.11.12-16.22.32:671][  0]LogAudioMixer: Display: Audio Mixer Platform Settings:
[2020.11.12-16.22.32:671][  0]LogAudioMixer: Display: 	Sample Rate:						  48000
[2020.11.12-16.22.32:671][  0]LogAudioMixer: Display: 	Callback Buffer Frame Size Requested: 1024
[2020.11.12-16.22.32:671][  0]LogAudioMixer: Display: 	Callback Buffer Frame Size To Use:	  1024
[2020.11.12-16.22.32:671][  0]LogAudioMixer: Display: 	Number of buffers to queue:			  2
[2020.11.12-16.22.32:671][  0]LogAudioMixer: Display: 	Max Channels (voices):				  32
[2020.11.12-16.22.32:671][  0]LogAudioMixer: Display: 	Number of Async Source Workers:		  0
[2020.11.12-16.22.32:671][  0]LogAudio: Display: AudioDevice MaxSources: 32
[2020.11.12-16.22.32:671][  0]LogAudio: Display: Using built-in audio occlusion.
[2020.11.12-16.22.32:671][  0]LogAudioMixer: Display: Initializing audio mixer.
[2020.11.12-16.22.32:703][  0]LogAudioMixer: Display: Audio Device Output Speaker Info:
[2020.11.12-16.22.32:703][  0]LogAudioMixer: Display: Name: Наушники гарнитуры (HyperX Virtual Surround Sound)
[2020.11.12-16.22.32:703][  0]LogAudioMixer: Display: Is Default: Yes
[2020.11.12-16.22.32:703][  0]LogAudioMixer: Display: Sample Rate: 48000
[2020.11.12-16.22.32:703][  0]LogAudioMixer: Display: Channel Count Used: 2
[2020.11.12-16.22.32:703][  0]LogAudioMixer: Display: Device Channel Count: 2
[2020.11.12-16.22.32:703][  0]LogAudioMixer: Display: Channel Order:
[2020.11.12-16.22.32:703][  0]LogAudioMixer: Display: 0: FrontLeft
[2020.11.12-16.22.32:703][  0]LogAudioMixer: Display: 1: FrontRight
[2020.11.12-16.22.32:725][  0]LogAudioMixer: Display: Using Audio Device Наушники гарнитуры (HyperX Virtual Surround Sound)
[2020.11.12-16.22.32:728][  0]LogInit: FAudioDevice initialized.
[2020.11.12-16.22.32:728][  0]LogNetVersion: Set ProjectVersion to 1.0.0.0. Version Checksum will be recalculated on next use.
[2020.11.12-16.22.32:813][  0]LogDerivedDataCache: Saved boot cache 0.08s 78MB C:/Users/artig/AppData/Local/UnrealEngine/4.24/DerivedDataCache/Boot.ddc.
[2020.11.12-16.22.32:814][  0]LogInit: Texture streaming: Enabled
[2020.11.12-16.22.32:823][  0]LogEngineSessionManager: EngineSessionManager initialized
[2020.11.12-16.22.32:823][  0]LogEditorSessionSummary: Verbose: Initializing EditorSessionSummaryWriter for editor session tracking
[2020.11.12-16.22.32:825][  0]LogEditorSessionSummary: EditorSessionSummaryWriter initialized
[2020.11.12-16.22.32:856][  0]LogInit: Transaction tracking system initialized
[2020.11.12-16.22.32:866][  0]BlueprintLog: New page: Editor Load
[2020.11.12-16.22.32:896][  0]LocalizationService: Localization service is disabled
[2020.11.12-16.22.33:170][  0]LogFileCache: Scanning file cache for directory 'D:/Learning/UnrealEngine/projects/BullCowGame-starter-kit/Content/' took 0.00s
[2020.11.12-16.22.33:170][  0]LogCook: Display: Max memory allowance for cook 16384mb min free memory 0mb
[2020.11.12-16.22.33:170][  0]LogCook: Display: Mobile HDR setting 1
[2020.11.12-16.22.33:827][  0]SourceControl: Source control is disabled
[2020.11.12-16.22.33:827][  0]Cmd: MAP LOAD FILE="D:/Learning/UnrealEngine/projects/BullCowGame-starter-kit/Content/Levels/Level1.umap" TEMPLATE=0 SHOWPROGRESS=1 FEATURELEVEL=3
[2020.11.12-16.22.33:827][  0]LightingResults: New page: Lighting Build
[2020.11.12-16.22.33:828][  0]LogWorld: UWorld::CleanupWorld for Untitled, bSessionEnded=true, bCleanupResources=true
[2020.11.12-16.22.33:828][  0]LogSlate: InvalidateAllWidgets triggered.  All widgets were invalidated
[2020.11.12-16.22.33:828][  0]MapCheck: New page: Map Check
[2020.11.12-16.22.33:828][  0]LightingResults: New page: Lighting Build
[2020.11.12-16.22.33:864][  0]LogUObjectHash: Compacting FUObjectHashTables data took   1.68ms
[2020.11.12-16.22.34:297][  0]LogAIModule: Creating AISystem for world Level1
[2020.11.12-16.22.34:315][  0]LogEditorServer: Finished looking for orphan Actors (0.000 secs)
[2020.11.12-16.22.34:388][  0]LogUObjectHash: Compacting FUObjectHashTables data took   2.44ms
[2020.11.12-16.22.34:390][  0]Cmd: MAP CHECKDEP NOCLEARLOG
[2020.11.12-16.22.34:390][  0]MapCheck: Map check complete: 0 Error(s), 0 Warning(s), took 0,087ms to complete.
[2020.11.12-16.22.34:390][  0]LogFileHelpers: Loading map 'Level1' took 0.564
[2020.11.12-16.22.34:525][  0]LogSlate: Updating window title bar state: overlay mode, drag disabled, window buttons hidden, title bar hidden
[2020.11.12-16.22.34:531][  0]LogSlate: Updating window title bar state: overlay mode, drag disabled, window buttons hidden, title bar hidden
[2020.11.12-16.22.34:537][  0]LogSlate: Updating window title bar state: overlay mode, drag disabled, window buttons hidden, title bar hidden
[2020.11.12-16.22.34:545][  0]LogSlate: Updating window title bar state: overlay mode, drag disabled, window buttons hidden, title bar hidden
[2020.11.12-16.22.34:551][  0]LogCollectionManager: Loaded 0 collections in 0.001928 seconds
[2020.11.12-16.22.34:564][  0]LogFileCache: Scanning file cache for directory 'D:/Learning/UnrealEngine/projects/BullCowGame-starter-kit/Saved/Collections/' took 0.00s
[2020.11.12-16.22.34:564][  0]LogFileCache: Scanning file cache for directory 'D:/Learning/UnrealEngine/projects/BullCowGame-starter-kit/Content/Developers/artig/Collections/' took 0.00s
[2020.11.12-16.22.34:564][  0]LogFileCache: Scanning file cache for directory 'D:/Learning/UnrealEngine/projects/BullCowGame-starter-kit/Content/Collections/' took 0.00s
[2020.11.12-16.22.34:564][  0]LogContentBrowser: Native class hierarchy populated in 0.0088 seconds. Added 3019 classes and 720 folders.
[2020.11.12-16.22.34:566][  0]LogContentBrowser: Native class hierarchy updated for 'WidgetCarousel' in 0.0003 seconds. Added 0 classes and 0 folders.
[2020.11.12-16.22.34:624][  0]LogContentBrowser: Native class hierarchy updated for 'AddContentDialog' in 0.0003 seconds. Added 0 classes and 0 folders.
[2020.11.12-16.22.34:630][  0]LogContentBrowser: Native class hierarchy updated for 'SceneOutliner' in 0.0004 seconds. Added 2 classes and 3 folders.
[2020.11.12-16.22.34:660][  0]LogSlate: Took 0.000157 seconds to synchronously load lazily loaded font '../../../Engine/Content/Slate/Fonts/Roboto-Regular.ttf' (155K)
[2020.11.12-16.22.35:150][  0]LogSlate: Took 0.000189 seconds to synchronously load lazily loaded font '../../../Engine/Content/Slate/Fonts/Roboto-Bold.ttf' (160K)
[2020.11.12-16.22.35:153][  0]LogSlate: Took 0.000181 seconds to synchronously load lazily loaded font '../../../Engine/Content/Editor/Slate/Fonts/FontAwesome.ttf' (139K)
[2020.11.12-16.22.35:234][  0]LogRenderer: Reallocating scene render targets to support 1724x900 Format 10 NumSamples 1 (Frame:1).
[2020.11.12-16.22.35:380][  0]LogContentBrowser: Native class hierarchy updated for 'HierarchicalLODOutliner' in 0.0003 seconds. Added 0 classes and 0 folders.
[2020.11.12-16.22.35:381][  0]LogLoad: (Engine Initialization) Total time: 8.52 seconds
[2020.11.12-16.22.35:381][  0]LogLoad: (Engine Initialization) Total Blueprint compile time: 0.00 seconds
[2020.11.12-16.22.35:429][  0]LogAssetRegistry: Asset discovery search completed in 5.2258 seconds
[2020.11.12-16.22.35:432][  0]LogCollectionManager: Fixed up redirectors for 0 collections in 0.000006 seconds (updated 0 objects)
[2020.11.12-16.22.35:436][  0]LogContentStreaming: Texture pool size now 1000 MB
[2020.11.12-16.22.37:454][190]LogSlate: Window 'Editor Preferences' being destroyed
[2020.11.12-16.22.37:485][190]LogSlate: Window 'Editor Preferences' being destroyed
[2020.11.12-16.22.51:706][903]LogSlate: Took 0.000176 seconds to synchronously load lazily loaded font '../../../Engine/Content/Slate/Fonts/Roboto-Light.ttf' (167K)
[2020.11.12-16.22.51:734][903]Running C:/Program Files/Epic Games/UE_4.24/Engine/Binaries/DotNET/UnrealBuildTool.exe  -projectfiles -project="D:/Learning/UnrealEngine/projects/BullCowGame-starter-kit/BullCowGame.uproject" -game -rocket -progress
[2020.11.12-16.22.52:040][903]Discovering modules, targets and source code for project...
[2020.11.12-16.22.53:655][903]Binding IntelliSense data...
[2020.11.12-16.22.55:588][903]Binding IntelliSense data... 100%
[2020.11.12-16.22.55:588][903]Writing project files...
[2020.11.12-16.22.58:011][903]Writing project files... 100%
[2020.11.12-16.29.18:329][632]LogWindowsTextInputMethodSystem: Display: IME system now deactivated.
[2020.11.12-16.29.18:329][632]LogWindowsTextInputMethodSystem: Display: IME system now deactivated.
[2020.11.12-16.29.21:991][ 21]LogEditorViewport: Clicking on Actor (LMB): StaticMeshActor (SM_Toy_Cow2)
[2020.11.12-16.29.23:178][151]LogSlate: Took 0.000225 seconds to synchronously load lazily loaded font '../../../Engine/Content/Slate/Fonts/Roboto-Italic.ttf' (157K)
[2020.11.12-16.29.59:415][824]LogTemp: Repeating last play command: Selected Viewport
[2020.11.12-16.29.59:420][824]LogBlueprintUserMessages: Early PlayInEditor Detection: Level '/Game/Levels/Level1.Level1:PersistentLevel' has LevelScriptBlueprint '/Game/Levels/Level1.Level1:PersistentLevel.Level1' with GeneratedClass '/Game/Levels/Level1.Level1_C' with ClassGeneratedBy '/Game/Levels/Level1.Level1:PersistentLevel.Level1'
[2020.11.12-16.29.59:420][824]LogPlayLevel: PlayLevel: No blueprints needed recompiling
[2020.11.12-16.29.59:420][824]PIE: New page: PIE session: Level1 (12 нояб. 2020 г., 20:29:59)
[2020.11.12-16.29.59:421][824]LogOnline: OSS: Creating online subsystem instance for: NULL
[2020.11.12-16.29.59:422][824]LogOnline: OSS: TryLoadSubsystemAndSetDefault: Loaded subsystem for module [NULL]
[2020.11.12-16.29.59:422][824]LogPlayLevel: Creating play world package: /Game/Levels/UEDPIE_0_Level1
[2020.11.12-16.29.59:541][824]LogPlayLevel: PIE: StaticDuplicateObject took: (0.119552s)
[2020.11.12-16.29.59:542][824]LogAIModule: Creating AISystem for world Level1
[2020.11.12-16.29.59:542][824]LogPlayLevel: PIE: World Init took: (0.000821s)
[2020.11.12-16.29.59:542][824]LogPlayLevel: PIE: Created PIE world by copying editor world from /Game/Levels/Level1.Level1 to /Game/Levels/UEDPIE_0_Level1.Level1 (0.120567s)
[2020.11.12-16.29.59:579][824]LogUObjectHash: Compacting FUObjectHashTables data took   1.62ms
[2020.11.12-16.29.59:582][824]LogAudioMixer: Display: Audio Mixer Platform Settings:
[2020.11.12-16.29.59:582][824]LogAudioMixer: Display: 	Sample Rate:						  48000
[2020.11.12-16.29.59:582][824]LogAudioMixer: Display: 	Callback Buffer Frame Size Requested: 1024
[2020.11.12-16.29.59:582][824]LogAudioMixer: Display: 	Callback Buffer Frame Size To Use:	  1024
[2020.11.12-16.29.59:582][824]LogAudioMixer: Display: 	Number of buffers to queue:			  2
[2020.11.12-16.29.59:582][824]LogAudioMixer: Display: 	Max Channels (voices):				  32
[2020.11.12-16.29.59:582][824]LogAudioMixer: Display: 	Number of Async Source Workers:		  0
[2020.11.12-16.29.59:582][824]LogAudio: Display: AudioDevice MaxSources: 32
[2020.11.12-16.29.59:582][824]LogAudio: Display: Using built-in audio occlusion.
[2020.11.12-16.29.59:582][824]LogAudioMixer: Display: Initializing audio mixer.
[2020.11.12-16.29.59:610][824]LogAudioMixer: Display: Audio Device Output Speaker Info:
[2020.11.12-16.29.59:610][824]LogAudioMixer: Display: Name: Наушники гарнитуры (HyperX Virtual Surround Sound)
[2020.11.12-16.29.59:610][824]LogAudioMixer: Display: Is Default: Yes
[2020.11.12-16.29.59:610][824]LogAudioMixer: Display: Sample Rate: 48000
[2020.11.12-16.29.59:610][824]LogAudioMixer: Display: Channel Count Used: 2
[2020.11.12-16.29.59:610][824]LogAudioMixer: Display: Device Channel Count: 2
[2020.11.12-16.29.59:610][824]LogAudioMixer: Display: Channel Order:
[2020.11.12-16.29.59:610][824]LogAudioMixer: Display: 0: FrontLeft
[2020.11.12-16.29.59:610][824]LogAudioMixer: Display: 1: FrontRight
[2020.11.12-16.29.59:621][824]LogAudioMixer: Display: Using Audio Device Наушники гарнитуры (HyperX Virtual Surround Sound)
[2020.11.12-16.29.59:622][824]LogInit: FAudioDevice initialized.
[2020.11.12-16.29.59:626][824]LogLoad: Game class is 'GameModeBase'
[2020.11.12-16.29.59:629][824]LogWorld: Bringing World /Game/Levels/UEDPIE_0_Level1.Level1 up for play (max tick rate 0) at 2020.11.12-18.29.59
[2020.11.12-16.29.59:630][824]LogWorld: Bringing up level for play took: 0.002415
[2020.11.12-16.29.59:630][824]LogOnline: OSS: Creating online subsystem instance for: :Context_4
[2020.11.12-16.29.59:633][824]LogContentBrowser: Native class hierarchy updated for 'MovieSceneCapture' in 0.0004 seconds. Added 20 classes and 0 folders.
[2020.11.12-16.29.59:634][824]PIE: Play in editor start time for /Game/Levels/UEDPIE_0_Level1 0,348
[2020.11.12-16.29.59:634][824]LogBlueprintUserMessages: Late PlayInEditor Detection: Level '/Game/Levels/Level1.Level1:PersistentLevel' has LevelScriptBlueprint '/Game/Levels/Level1.Level1:PersistentLevel.Level1' with GeneratedClass '/Game/Levels/Level1.Level1_C' with ClassGeneratedBy '/Game/Levels/Level1.Level1:PersistentLevel.Level1'
[2020.11.12-16.30.09:458][994]LogAudioMixer: Display: No commands were queued while flushing the source manager.
[2020.11.12-16.30.09:463][994]LogAudioMixer: Display: Flush succeeded in the source manager command queue (1).
[2020.11.12-16.30.09:483][994]LogAudioMixer: Display: Flush succeeded the source manager command queue (2).
[2020.11.12-16.30.09:483][994]LogBlueprintUserMessages: Early EndPlayMap Detection: Level '/Game/Levels/Level1.Level1:PersistentLevel' has LevelScriptBlueprint '/Game/Levels/Level1.Level1:PersistentLevel.Level1' with GeneratedClass '/Game/Levels/Level1.Level1_C' with ClassGeneratedBy '/Game/Levels/Level1.Level1:PersistentLevel.Level1'
[2020.11.12-16.30.09:483][994]LogSlate: Updating window title bar state: overlay mode, drag disabled, window buttons hidden, title bar hidden
[2020.11.12-16.30.09:483][994]LogWorld: BeginTearingDown for /Game/Levels/UEDPIE_0_Level1
[2020.11.12-16.30.09:483][994]LogAudioMixer: Display: No commands were queued while flushing the source manager.
[2020.11.12-16.30.09:484][994]LogWorld: UWorld::CleanupWorld for Level1, bSessionEnded=true, bCleanupResources=true
[2020.11.12-16.30.09:484][994]LogSlate: InvalidateAllWidgets triggered.  All widgets were invalidated
[2020.11.12-16.30.09:491][994]LogPlayLevel: Display: Shutting down PIE online subsystems
[2020.11.12-16.30.09:491][994]LogBlueprintUserMessages: Late EndPlayMap Detection: Level '/Game/Levels/Level1.Level1:PersistentLevel' has LevelScriptBlueprint '/Game/Levels/Level1.Level1:PersistentLevel.Level1' with GeneratedClass '/Game/Levels/Level1.Level1_C' with ClassGeneratedBy '/Game/Levels/Level1.Level1:PersistentLevel.Level1'
[2020.11.12-16.30.09:494][994]LogSlate: InvalidateAllWidgets triggered.  All widgets were invalidated
[2020.11.12-16.30.09:529][994]LogAudioMixer: Display: No commands were queued while flushing the source manager.
[2020.11.12-16.30.09:532][994]LogSlate: Updating window title bar state: overlay mode, drag disabled, window buttons hidden, title bar hidden
[2020.11.12-16.30.09:535][994]LogUObjectHash: Compacting FUObjectHashTables data took   1.58ms
[2020.11.12-16.30.09:588][996]LogPlayLevel: Display: Destroying online subsystem :Context_4
[2020.11.12-16.30.11:965][274]LogEditorViewport: Clicking on Actor (LMB): PointLight (PointLight2)
[2020.11.12-16.30.13:021][394]Cmd: DELETE
[2020.11.12-16.30.13:021][394]Cmd: ACTOR DELETE
[2020.11.12-16.30.13:024][394]LogEditorActor: Deleted Actor: PointLight
[2020.11.12-16.30.13:059][394]LogUObjectHash: Compacting FUObjectHashTables data took   0.63ms
[2020.11.12-16.30.13:061][394]LogEditorActor: Deleted 1 Actors (0.040 secs)
[2020.11.12-16.30.23:002][756]LogEditorViewport: Clicking on Actor (LMB): StaticMeshActor (SM_Toy_Cow2)
[2020.11.12-16.31.16:178][620]Cmd: DELETE
[2020.11.12-16.31.16:178][620]Cmd: ACTOR DELETE
[2020.11.12-16.31.16:192][620]LogEditorActor: Deleted 1 Components (0.014 secs)
[2020.11.12-16.31.45:174][311]Cmd: TRANSACTION UNDO
[2020.11.12-16.31.45:174][311]LogEditorTransaction: Undo Paste Location
[2020.11.12-16.32.30:924][456]LogWindowsTextInputMethodSystem: Display: IME system now deactivated.
[2020.11.12-16.32.30:924][456]LogWindowsTextInputMethodSystem: Display: IME system now deactivated.
[2020.11.12-16.32.47:284][896]LogEditorViewport: Clicking on Actor (LMB): Terminal_C (Terminal)
[2020.11.12-16.32.51:716][324]LogWindowsTextInputMethodSystem: Display: IME system now deactivated.
[2020.11.12-16.32.51:716][324]LogWindowsTextInputMethodSystem: Display: IME system now deactivated.
[2020.11.12-16.33.31:919][138]LogEditorViewport: Clicking on Actor (LMB): StaticMeshActor (SM_Toy_Cow2)
[2020.11.12-16.33.34:484][400]LogEditorViewport: Clicking on Actor (LMB): Terminal_C (Terminal)
[2020.11.12-16.34.07:556][145]Cmd: OBJ SAVEPACKAGE PACKAGE="/Game/Levels/Level1" FILE="D:/Learning/UnrealEngine/projects/BullCowGame-starter-kit/Content/Levels/Level1.umap" SILENT=true AUTOSAVING=false KEEPDIRTY=false
[2020.11.12-16.34.07:590][145]LogUObjectHash: Compacting FUObjectHashTables data took   1.49ms
[2020.11.12-16.34.07:821][145]LogSavePackage: Moving 'D:/Learning/UnrealEngine/projects/BullCowGame-starter-kit/Saved/Level1AF721E614EB95D6729FC6D8E192F3779.tmp' to 'D:/Learning/UnrealEngine/projects/BullCowGame-starter-kit/Content/Levels/Level1.umap'
[2020.11.12-16.34.07:846][145]AssetCheck: New page: Asset Save: Level1
[2020.11.12-16.34.07:846][145]LogContentValidation: Display: Validating World /Game/Levels/Level1.Level1
[2020.11.12-16.34.13:685][698]LogTemp: Repeating last play command: Selected Viewport
[2020.11.12-16.34.13:690][698]LogBlueprintUserMessages: Early PlayInEditor Detection: Level '/Game/Levels/Level1.Level1:PersistentLevel' has LevelScriptBlueprint '/Game/Levels/Level1.Level1:PersistentLevel.Level1' with GeneratedClass '/Game/Levels/Level1.Level1_C' with ClassGeneratedBy '/Game/Levels/Level1.Level1:PersistentLevel.Level1'
[2020.11.12-16.34.13:690][698]LogPlayLevel: PlayLevel: No blueprints needed recompiling
[2020.11.12-16.34.13:690][698]PIE: New page: PIE session: Level1 (12 нояб. 2020 г., 20:34:13)
[2020.11.12-16.34.13:690][698]LogPlayLevel: Creating play world package: /Game/Levels/UEDPIE_0_Level1
[2020.11.12-16.34.13:821][698]LogPlayLevel: PIE: StaticDuplicateObject took: (0.131519s)
[2020.11.12-16.34.13:822][698]LogAIModule: Creating AISystem for world Level1
[2020.11.12-16.34.13:823][698]LogPlayLevel: PIE: World Init took: (0.001050s)
[2020.11.12-16.34.13:823][698]LogPlayLevel: PIE: Created PIE world by copying editor world from /Game/Levels/Level1.Level1 to /Game/Levels/UEDPIE_0_Level1.Level1 (0.132720s)
[2020.11.12-16.34.13:858][698]LogUObjectHash: Compacting FUObjectHashTables data took   1.86ms
[2020.11.12-16.34.13:859][698]LogAudioMixer: Display: Audio Mixer Platform Settings:
[2020.11.12-16.34.13:859][698]LogAudioMixer: Display: 	Sample Rate:						  48000
[2020.11.12-16.34.13:859][698]LogAudioMixer: Display: 	Callback Buffer Frame Size Requested: 1024
[2020.11.12-16.34.13:859][698]LogAudioMixer: Display: 	Callback Buffer Frame Size To Use:	  1024
[2020.11.12-16.34.13:859][698]LogAudioMixer: Display: 	Number of buffers to queue:			  2
[2020.11.12-16.34.13:859][698]LogAudioMixer: Display: 	Max Channels (voices):				  32
[2020.11.12-16.34.13:859][698]LogAudioMixer: Display: 	Number of Async Source Workers:		  0
[2020.11.12-16.34.13:859][698]LogAudio: Display: AudioDevice MaxSources: 32
[2020.11.12-16.34.13:859][698]LogAudio: Display: Using built-in audio occlusion.
[2020.11.12-16.34.13:859][698]LogAudioMixer: Display: Initializing audio mixer.
[2020.11.12-16.34.13:886][698]LogAudioMixer: Display: Audio Device Output Speaker Info:
[2020.11.12-16.34.13:886][698]LogAudioMixer: Display: Name: Наушники гарнитуры (HyperX Virtual Surround Sound)
[2020.11.12-16.34.13:886][698]LogAudioMixer: Display: Is Default: Yes
[2020.11.12-16.34.13:886][698]LogAudioMixer: Display: Sample Rate: 48000
[2020.11.12-16.34.13:886][698]LogAudioMixer: Display: Channel Count Used: 2
[2020.11.12-16.34.13:886][698]LogAudioMixer: Display: Device Channel Count: 2
[2020.11.12-16.34.13:886][698]LogAudioMixer: Display: Channel Order:
[2020.11.12-16.34.13:886][698]LogAudioMixer: Display: 0: FrontLeft
[2020.11.12-16.34.13:886][698]LogAudioMixer: Display: 1: FrontRight
[2020.11.12-16.34.13:896][698]LogAudioMixer: Display: Using Audio Device Наушники гарнитуры (HyperX Virtual Surround Sound)
[2020.11.12-16.34.13:898][698]LogInit: FAudioDevice initialized.
[2020.11.12-16.34.13:903][698]LogLoad: Game class is 'GameModeBase'
[2020.11.12-16.34.13:906][698]LogWorld: Bringing World /Game/Levels/UEDPIE_0_Level1.Level1 up for play (max tick rate 0) at 2020.11.12-18.34.13
[2020.11.12-16.34.13:906][698]LogWorld: Bringing up level for play took: 0.003209
[2020.11.12-16.34.13:906][698]LogOnline: OSS: Creating online subsystem instance for: :Context_5
[2020.11.12-16.34.13:908][698]PIE: Play in editor start time for /Game/Levels/UEDPIE_0_Level1 0,622
[2020.11.12-16.34.13:908][698]LogBlueprintUserMessages: Late PlayInEditor Detection: Level '/Game/Levels/Level1.Level1:PersistentLevel' has LevelScriptBlueprint '/Game/Levels/Level1.Level1:PersistentLevel.Level1' with GeneratedClass '/Game/Levels/Level1.Level1_C' with ClassGeneratedBy '/Game/Levels/Level1.Level1:PersistentLevel.Level1'
[2020.11.12-16.34.18:447][236]LogAudioMixer: Display: No commands were queued while flushing the source manager.
[2020.11.12-16.34.18:448][236]LogAudioMixer: Display: No commands were queued while flushing the source manager.
[2020.11.12-16.34.18:448][236]LogBlueprintUserMessages: Early EndPlayMap Detection: Level '/Game/Levels/Level1.Level1:PersistentLevel' has LevelScriptBlueprint '/Game/Levels/Level1.Level1:PersistentLevel.Level1' with GeneratedClass '/Game/Levels/Level1.Level1_C' with ClassGeneratedBy '/Game/Levels/Level1.Level1:PersistentLevel.Level1'
[2020.11.12-16.34.18:448][236]LogSlate: Updating window title bar state: overlay mode, drag disabled, window buttons hidden, title bar hidden
[2020.11.12-16.34.18:448][236]LogWorld: BeginTearingDown for /Game/Levels/UEDPIE_0_Level1
[2020.11.12-16.34.18:448][236]LogAudioMixer: Display: No commands were queued while flushing the source manager.
[2020.11.12-16.34.18:448][236]LogWorld: UWorld::CleanupWorld for Level1, bSessionEnded=true, bCleanupResources=true
[2020.11.12-16.34.18:448][236]LogSlate: InvalidateAllWidgets triggered.  All widgets were invalidated
[2020.11.12-16.34.18:456][236]LogPlayLevel: Display: Shutting down PIE online subsystems
[2020.11.12-16.34.18:457][236]LogBlueprintUserMessages: Late EndPlayMap Detection: Level '/Game/Levels/Level1.Level1:PersistentLevel' has LevelScriptBlueprint '/Game/Levels/Level1.Level1:PersistentLevel.Level1' with GeneratedClass '/Game/Levels/Level1.Level1_C' with ClassGeneratedBy '/Game/Levels/Level1.Level1:PersistentLevel.Level1'
[2020.11.12-16.34.18:459][236]LogSlate: InvalidateAllWidgets triggered.  All widgets were invalidated
[2020.11.12-16.34.18:493][236]LogAudioMixer: Display: No commands were queued while flushing the source manager.
[2020.11.12-16.34.18:496][236]LogSlate: Updating window title bar state: overlay mode, drag disabled, window buttons hidden, title bar hidden
[2020.11.12-16.34.18:499][236]LogUObjectHash: Compacting FUObjectHashTables data took   1.56ms
[2020.11.12-16.34.18:548][238]LogPlayLevel: Display: Destroying online subsystem :Context_5
[2020.11.12-16.35.12:900][964]LogWindowsTextInputMethodSystem: Display: IME system now deactivated.
[2020.11.12-16.35.12:900][964]LogWindowsTextInputMethodSystem: Display: IME system now deactivated.
[2020.11.12-16.36.15:540][295]LogEditorViewport: Clicking on Actor (LMB): Terminal_C (Terminal)
[2020.11.12-16.44.12:663][909]LogUObjectHash: Compacting FUObjectHashTables data took   0.71ms
[2020.11.12-16.44.12:892][909]LogSavePackage: Moving 'D:/Learning/UnrealEngine/projects/BullCowGame-starter-kit/Saved/Level1_Auto13778496A4E5955CB972A73A0B7900FB0.tmp' to 'D:/Learning/UnrealEngine/projects/BullCowGame-starter-kit/Saved/Autosaves/Game/Levels/Level1_Auto1.umap'
[2020.11.12-16.44.12:893][909]LogFileHelpers: Editor autosave (incl. sublevels) for '/Game/Levels/Level1' took 0.264
[2020.11.12-16.44.12:893][909]LogFileHelpers: Editor autosave (incl. sublevels) for all levels took 0.264
[2020.11.12-16.54.13:304][701]LogUObjectHash: Compacting FUObjectHashTables data took   2.05ms
[2020.11.12-16.54.13:305][701]LogFileHelpers: Editor autosave (incl. sublevels) for '/Game/Levels/Level1' took 0.040
[2020.11.12-17.04.14:012][493]LogUObjectHash: Compacting FUObjectHashTables data took   0.64ms
[2020.11.12-17.04.14:013][493]LogFileHelpers: Editor autosave (incl. sublevels) for '/Game/Levels/Level1' took 0.035
[2020.11.12-17.14.14:561][284]LogUObjectHash: Compacting FUObjectHashTables data took   0.63ms
[2020.11.12-17.14.14:561][284]LogFileHelpers: Editor autosave (incl. sublevels) for '/Game/Levels/Level1' took 0.036
[2020.11.12-17.24.15:021][ 75]LogUObjectHash: Compacting FUObjectHashTables data took   0.63ms
[2020.11.12-17.24.15:021][ 75]LogFileHelpers: Editor autosave (incl. sublevels) for '/Game/Levels/Level1' took 0.037
[2020.11.12-17.34.15:722][866]LogUObjectHash: Compacting FUObjectHashTables data took   0.64ms
[2020.11.12-17.34.15:722][866]LogFileHelpers: Editor autosave (incl. sublevels) for '/Game/Levels/Level1' took 0.035
[2020.11.12-17.44.16:134][658]LogUObjectHash: Compacting FUObjectHashTables data took   0.73ms
[2020.11.12-17.44.16:134][658]LogFileHelpers: Editor autosave (incl. sublevels) for '/Game/Levels/Level1' took 0.035
[2020.11.12-17.54.16:624][451]LogUObjectHash: Compacting FUObjectHashTables data took   0.71ms
[2020.11.12-17.54.16:624][451]LogFileHelpers: Editor autosave (incl. sublevels) for '/Game/Levels/Level1' took 0.036
[2020.11.12-18.04.17:251][244]LogUObjectHash: Compacting FUObjectHashTables data took   0.71ms
[2020.11.12-18.04.17:252][244]LogFileHelpers: Editor autosave (incl. sublevels) for '/Game/Levels/Level1' took 0.033
[2020.11.12-18.14.17:860][ 36]LogUObjectHash: Compacting FUObjectHashTables data took   0.71ms
[2020.11.12-18.14.17:860][ 36]LogFileHelpers: Editor autosave (incl. sublevels) for '/Game/Levels/Level1' took 0.036
[2020.11.12-18.24.18:261][828]LogUObjectHash: Compacting FUObjectHashTables data took   0.71ms
[2020.11.12-18.24.18:262][828]LogFileHelpers: Editor autosave (incl. sublevels) for '/Game/Levels/Level1' took 0.035
[2020.11.12-18.34.18:669][620]LogUObjectHash: Compacting FUObjectHashTables data took   0.71ms
[2020.11.12-18.34.18:669][620]LogFileHelpers: Editor autosave (incl. sublevels) for '/Game/Levels/Level1' took 0.037
[2020.11.12-18.44.19:215][413]LogUObjectHash: Compacting FUObjectHashTables data took   0.72ms
[2020.11.12-18.44.19:215][413]LogFileHelpers: Editor autosave (incl. sublevels) for '/Game/Levels/Level1' took 0.034
[2020.11.12-18.54.19:920][206]LogUObjectHash: Compacting FUObjectHashTables data took   0.71ms
[2020.11.12-18.54.19:921][206]LogFileHelpers: Editor autosave (incl. sublevels) for '/Game/Levels/Level1' took 0.033
[2020.11.12-19.04.20:319][998]LogUObjectHash: Compacting FUObjectHashTables data took   0.74ms
[2020.11.12-19.04.20:319][998]LogFileHelpers: Editor autosave (incl. sublevels) for '/Game/Levels/Level1' took 0.030
[2020.11.12-19.14.20:728][790]LogUObjectHash: Compacting FUObjectHashTables data took   0.71ms
[2020.11.12-19.14.20:729][790]LogFileHelpers: Editor autosave (incl. sublevels) for '/Game/Levels/Level1' took 0.036
[2020.11.12-19.24.21:166][584]LogUObjectHash: Compacting FUObjectHashTables data took   0.71ms
[2020.11.12-19.24.21:167][584]LogFileHelpers: Editor autosave (incl. sublevels) for '/Game/Levels/Level1' took 0.036
[2020.11.12-19.34.21:556][379]LogUObjectHash: Compacting FUObjectHashTables data took   0.71ms
[2020.11.12-19.34.21:557][379]LogFileHelpers: Editor autosave (incl. sublevels) for '/Game/Levels/Level1' took 0.037
[2020.11.12-19.44.21:932][173]LogUObjectHash: Compacting FUObjectHashTables data took   0.72ms
[2020.11.12-19.44.21:932][173]LogFileHelpers: Editor autosave (incl. sublevels) for '/Game/Levels/Level1' took 0.036
[2020.11.12-19.54.22:425][967]LogUObjectHash: Compacting FUObjectHashTables data took   0.85ms
[2020.11.12-19.54.22:425][967]LogFileHelpers: Editor autosave (incl. sublevels) for '/Game/Levels/Level1' took 0.034
[2020.11.12-20.04.22:811][761]LogUObjectHash: Compacting FUObjectHashTables data took   0.73ms
[2020.11.12-20.04.22:812][761]LogFileHelpers: Editor autosave (incl. sublevels) for '/Game/Levels/Level1' took 0.035
[2020.11.12-20.14.23:455][554]LogUObjectHash: Compacting FUObjectHashTables data took   0.75ms
[2020.11.12-20.14.23:455][554]LogFileHelpers: Editor autosave (incl. sublevels) for '/Game/Levels/Level1' took 0.034
[2020.11.12-20.24.23:994][347]LogUObjectHash: Compacting FUObjectHashTables data took   0.72ms
[2020.11.12-20.24.23:995][347]LogFileHelpers: Editor autosave (incl. sublevels) for '/Game/Levels/Level1' took 0.035
[2020.11.12-20.34.24:430][142]LogUObjectHash: Compacting FUObjectHashTables data took   0.71ms
[2020.11.12-20.34.24:430][142]LogFileHelpers: Editor autosave (incl. sublevels) for '/Game/Levels/Level1' took 0.036
[2020.11.12-20.44.24:861][933]LogUObjectHash: Compacting FUObjectHashTables data took   0.72ms
[2020.11.12-20.44.24:861][933]LogFileHelpers: Editor autosave (incl. sublevels) for '/Game/Levels/Level1' took 0.035
[2020.11.12-20.54.25:410][726]LogUObjectHash: Compacting FUObjectHashTables data took   0.72ms
[2020.11.12-20.54.25:411][726]LogFileHelpers: Editor autosave (incl. sublevels) for '/Game/Levels/Level1' took 0.035
