  Using 'git status' to determine working set for adaptive non-unity build (D:\Learning\UnrealEngine\projects\BullCowGame-starter-kit).
  Parsing headers for BullCowGameEditor
    Running UnrealHeaderTool "D:\Learning\UnrealEngine\projects\BullCowGame-starter-kit\BullCowGame.uproject" "D:\Learning\UnrealEngine\projects\BullCowGame-starter-kit\Intermediate\Build\Win64\BullCowGameEditor\Development\BullCowGameEditor.uhtmanifest" -LogCmds="loginit warning, logexit warning, logdatabase error" -Unattended -WarningsAsErrors -installed
  Reflection code generated for BullCowGameEditor in 5,7767391 seconds
  Building BullCowGameEditor...
  Using Visual Studio 2019 14.24.28316 toolchain (C:\Program Files (x86)\Microsoft Visual Studio\2019\Community\VC\Tools\MSVC\14.24.28314) and Windows 10.0.18362.0 SDK (C:\Program Files (x86)\Windows Kits\10).
  [Upgrade]
  [Upgrade] Using backward-compatible build settings. The latest version of UE4 sets the following values by default, which may require code changes:
  [Upgrade]     bLegacyPublicIncludePaths = false                 => Omits subfolders from public include paths to reduce compiler command line length. (Previously: true).
  [Upgrade]     ShadowVariableWarningLevel = WarningLevel.Error   => Treats shadowed variable warnings as errors. (Previously: WarningLevel.Warning).
  [Upgrade]     PCHUsage = PCHUsageMode.UseExplicitOrSharedPCHs   => Set in build.cs files to enables IWYU-style PCH model. See https://docs.unrealengine.com/en-US/Programming/BuildTools/UnrealBuildTool/IWYU/index.html. (Previously: PCHUsageMode.UseSharedPCHs).
  [Upgrade] Suppress this message by setting 'DefaultBuildSettings = BuildSettingsVersion.V2;' in BullCowGameEditor.Target.cs, and explicitly overriding settings that differ from the new defaults.
  [Upgrade]
  Building 5 actions with 16 processes...
    [1/5] BullCowCartridge.gen.cpp
    [2/5] BullCowCartridge.cpp
    [3/5] UE4Editor-BullCowGame-0018.lib
       Creating library D:\Learning\UnrealEngine\projects\BullCowGame-starter-kit\Intermediate\Build\Win64\UE4Editor\Development\BullCowGame\UE4Editor-BullCowGame-0018.lib and object D:\Learning\UnrealEngine\projects\BullCowGame-starter-kit\Intermediate\Build\Win64\UE4Editor\Development\BullCowGame\UE4Editor-BullCowGame-0018.exp
    [4/5] UE4Editor-BullCowGame-0018.dll
       Creating library D:\Learning\UnrealEngine\projects\BullCowGame-starter-kit\Intermediate\Build\Win64\UE4Editor\Development\BullCowGame\UE4Editor-BullCowGame-0018.suppressed.lib and object D:\Learning\UnrealEngine\projects\BullCowGame-starter-kit\Intermediate\Build\Win64\UE4Editor\Development\BullCowGame\UE4Editor-BullCowGame-0018.suppressed.exp
    [5/5] BullCowGameEditor.target
  Total time in Parallel executor: 55,23 seconds
  Total execution time: 61,74 seconds
